mode: set
djong-reader-engine/server.go:21.13,25.16 2 0
djong-reader-engine/server.go:25.16,27.3 1 0
djong-reader-engine/server.go:30.2,66.58 12 0
djong-reader-engine/config/db.go:15.18,17.16 2 0
djong-reader-engine/config/db.go:17.16,19.3 1 0
djong-reader-engine/config/db.go:21.2,23.16 3 0
djong-reader-engine/config/db.go:23.16,25.3 1 0
djong-reader-engine/config/db.go:27.2,31.16 4 0
djong-reader-engine/config/db.go:31.16,33.3 1 0
djong-reader-engine/config/db.go:36.2,37.16 2 0
djong-reader-engine/config/db.go:37.16,39.3 1 0
djong-reader-engine/config/db.go:41.2,42.69 2 0
djong-reader-engine/graph/model/models_gen.go:90.39,91.11 1 1
djong-reader-engine/graph/model/models_gen.go:92.43,93.14 1 1
djong-reader-engine/graph/model/models_gen.go:95.2,95.14 1 1
djong-reader-engine/graph/model/models_gen.go:98.40,100.2 1 1
djong-reader-engine/graph/model/models_gen.go:102.51,104.9 2 1
djong-reader-engine/graph/model/models_gen.go:104.9,106.3 1 1
djong-reader-engine/graph/model/models_gen.go:108.2,109.18 2 1
djong-reader-engine/graph/model/models_gen.go:109.18,111.3 1 1
djong-reader-engine/graph/model/models_gen.go:112.2,112.12 1 1
djong-reader-engine/graph/model/models_gen.go:115.48,117.2 1 1
djong-reader-engine/graph/model/models_gen.go:131.48,132.11 1 1
djong-reader-engine/graph/model/models_gen.go:133.61,134.14 1 1
djong-reader-engine/graph/model/models_gen.go:136.2,136.14 1 1
djong-reader-engine/graph/model/models_gen.go:139.49,141.2 1 1
djong-reader-engine/graph/model/models_gen.go:143.60,145.9 2 1
djong-reader-engine/graph/model/models_gen.go:145.9,147.3 1 1
djong-reader-engine/graph/model/models_gen.go:149.2,150.18 2 1
djong-reader-engine/graph/model/models_gen.go:150.18,152.3 1 1
djong-reader-engine/graph/model/models_gen.go:153.2,153.12 1 1
djong-reader-engine/graph/model/models_gen.go:156.57,158.2 1 1
djong-reader-engine/graph/model/time.go:15.50,17.9 2 1
djong-reader-engine/graph/model/time.go:17.9,19.3 1 1
djong-reader-engine/graph/model/time.go:21.2,22.16 2 1
djong-reader-engine/graph/model/time.go:22.16,24.3 1 1
djong-reader-engine/graph/model/time.go:26.2,27.12 2 1
djong-reader-engine/graph/model/time.go:31.39,33.2 1 1
djong-reader-engine/graph/model/time.go:36.34,38.2 1 1
djong-reader-engine/graph/model/time.go:41.36,43.2 1 1
djong-reader-engine/graph/model/time.go:49.49,50.49 1 1
djong-reader-engine/graph/model/time.go:50.49,53.6 2 1
djong-reader-engine/graph/model/time.go:57.54,58.26 1 1
djong-reader-engine/graph/model/time.go:59.17,60.41 1 1
djong-reader-engine/graph/model/time.go:61.18,62.21 1 1
djong-reader-engine/graph/model/time.go:62.21,64.10 1 1
djong-reader-engine/graph/model/time.go:65.9,65.42 1 1
djong-reader-engine/graph/model/time.go:66.13,67.73 1 1
djong-reader-engine/graph/model/time.go:71.37,73.2 1 1
djong-reader-engine/graph/model/time.go:75.38,76.17 1 1
djong-reader-engine/graph/model/time.go:76.17,78.6 1 1
djong-reader-engine/graph/model/time.go:79.5,80.15 2 1
djong-reader-engine/graph/resolvers/generated.go:25.63,32.2 1 0
djong-reader-engine/graph/resolvers/generated.go:126.49,127.21 1 0
djong-reader-engine/graph/resolvers/generated.go:127.21,129.3 1 0
djong-reader-engine/graph/resolvers/generated.go:130.2,130.21 1 0
djong-reader-engine/graph/resolvers/generated.go:133.120,136.32 3 0
djong-reader-engine/graph/resolvers/generated.go:138.22,139.39 1 0
djong-reader-engine/graph/resolvers/generated.go:139.39,140.9 1 0
djong-reader-engine/graph/resolvers/generated.go:143.3,143.58 1 0
djong-reader-engine/graph/resolvers/generated.go:145.24,146.41 1 0
djong-reader-engine/graph/resolvers/generated.go:146.41,147.9 1 0
djong-reader-engine/graph/resolvers/generated.go:150.3,150.60 1 0
djong-reader-engine/graph/resolvers/generated.go:152.24,153.41 1 0
djong-reader-engine/graph/resolvers/generated.go:153.41,154.9 1 0
djong-reader-engine/graph/resolvers/generated.go:157.3,157.60 1 0
djong-reader-engine/graph/resolvers/generated.go:159.17,160.34 1 0
djong-reader-engine/graph/resolvers/generated.go:160.34,161.9 1 0
djong-reader-engine/graph/resolvers/generated.go:164.3,164.53 1 0
djong-reader-engine/graph/resolvers/generated.go:166.23,167.40 1 0
djong-reader-engine/graph/resolvers/generated.go:167.40,168.9 1 0
djong-reader-engine/graph/resolvers/generated.go:171.3,171.59 1 0
djong-reader-engine/graph/resolvers/generated.go:173.30,174.47 1 0
djong-reader-engine/graph/resolvers/generated.go:174.47,175.9 1 0
djong-reader-engine/graph/resolvers/generated.go:178.3,178.66 1 0
djong-reader-engine/graph/resolvers/generated.go:180.24,181.41 1 0
djong-reader-engine/graph/resolvers/generated.go:181.41,182.9 1 0
djong-reader-engine/graph/resolvers/generated.go:185.3,185.60 1 0
djong-reader-engine/graph/resolvers/generated.go:187.24,188.41 1 0
djong-reader-engine/graph/resolvers/generated.go:188.41,189.9 1 0
djong-reader-engine/graph/resolvers/generated.go:192.3,192.60 1 0
djong-reader-engine/graph/resolvers/generated.go:194.24,195.41 1 0
djong-reader-engine/graph/resolvers/generated.go:195.41,196.9 1 0
djong-reader-engine/graph/resolvers/generated.go:199.3,199.60 1 0
djong-reader-engine/graph/resolvers/generated.go:201.30,202.47 1 0
djong-reader-engine/graph/resolvers/generated.go:202.47,203.9 1 0
djong-reader-engine/graph/resolvers/generated.go:206.3,206.66 1 0
djong-reader-engine/graph/resolvers/generated.go:208.33,209.50 1 0
djong-reader-engine/graph/resolvers/generated.go:209.50,210.9 1 0
djong-reader-engine/graph/resolvers/generated.go:213.3,213.69 1 0
djong-reader-engine/graph/resolvers/generated.go:215.25,216.42 1 0
djong-reader-engine/graph/resolvers/generated.go:216.42,217.9 1 0
djong-reader-engine/graph/resolvers/generated.go:220.3,220.61 1 0
djong-reader-engine/graph/resolvers/generated.go:222.23,223.40 1 0
djong-reader-engine/graph/resolvers/generated.go:223.40,224.9 1 0
djong-reader-engine/graph/resolvers/generated.go:227.3,227.59 1 0
djong-reader-engine/graph/resolvers/generated.go:229.32,230.49 1 0
djong-reader-engine/graph/resolvers/generated.go:230.49,231.9 1 0
djong-reader-engine/graph/resolvers/generated.go:234.3,234.68 1 0
djong-reader-engine/graph/resolvers/generated.go:236.34,237.51 1 0
djong-reader-engine/graph/resolvers/generated.go:237.51,238.9 1 0
djong-reader-engine/graph/resolvers/generated.go:241.3,241.70 1 0
djong-reader-engine/graph/resolvers/generated.go:243.28,244.45 1 0
djong-reader-engine/graph/resolvers/generated.go:244.45,245.9 1 0
djong-reader-engine/graph/resolvers/generated.go:248.3,248.64 1 0
djong-reader-engine/graph/resolvers/generated.go:250.30,251.47 1 0
djong-reader-engine/graph/resolvers/generated.go:251.47,252.9 1 0
djong-reader-engine/graph/resolvers/generated.go:255.3,255.66 1 0
djong-reader-engine/graph/resolvers/generated.go:257.20,258.37 1 0
djong-reader-engine/graph/resolvers/generated.go:258.37,259.9 1 0
djong-reader-engine/graph/resolvers/generated.go:262.3,263.17 2 0
djong-reader-engine/graph/resolvers/generated.go:263.17,265.4 1 0
djong-reader-engine/graph/resolvers/generated.go:267.3,267.77 1 0
djong-reader-engine/graph/resolvers/generated.go:269.21,270.38 1 0
djong-reader-engine/graph/resolvers/generated.go:270.38,271.9 1 0
djong-reader-engine/graph/resolvers/generated.go:274.3,275.17 2 0
djong-reader-engine/graph/resolvers/generated.go:275.17,277.4 1 0
djong-reader-engine/graph/resolvers/generated.go:279.3,279.148 1 0
djong-reader-engine/graph/resolvers/generated.go:281.29,282.46 1 0
djong-reader-engine/graph/resolvers/generated.go:282.46,283.9 1 0
djong-reader-engine/graph/resolvers/generated.go:286.3,287.17 2 0
djong-reader-engine/graph/resolvers/generated.go:287.17,289.4 1 0
djong-reader-engine/graph/resolvers/generated.go:291.3,291.86 1 0
djong-reader-engine/graph/resolvers/generated.go:293.30,294.47 1 0
djong-reader-engine/graph/resolvers/generated.go:294.47,295.9 1 0
djong-reader-engine/graph/resolvers/generated.go:298.3,299.17 2 0
djong-reader-engine/graph/resolvers/generated.go:299.17,301.4 1 0
djong-reader-engine/graph/resolvers/generated.go:303.3,303.167 1 0
djong-reader-engine/graph/resolvers/generated.go:305.33,306.50 1 0
djong-reader-engine/graph/resolvers/generated.go:306.50,307.9 1 0
djong-reader-engine/graph/resolvers/generated.go:310.3,310.69 1 0
djong-reader-engine/graph/resolvers/generated.go:312.33,313.50 1 0
djong-reader-engine/graph/resolvers/generated.go:313.50,314.9 1 0
djong-reader-engine/graph/resolvers/generated.go:317.3,317.69 1 0
djong-reader-engine/graph/resolvers/generated.go:319.42,320.59 1 0
djong-reader-engine/graph/resolvers/generated.go:320.59,321.9 1 0
djong-reader-engine/graph/resolvers/generated.go:324.3,324.78 1 0
djong-reader-engine/graph/resolvers/generated.go:326.26,327.43 1 0
djong-reader-engine/graph/resolvers/generated.go:327.43,328.9 1 0
djong-reader-engine/graph/resolvers/generated.go:331.3,331.62 1 0
djong-reader-engine/graph/resolvers/generated.go:333.32,334.49 1 0
djong-reader-engine/graph/resolvers/generated.go:334.49,335.9 1 0
djong-reader-engine/graph/resolvers/generated.go:338.3,338.68 1 0
djong-reader-engine/graph/resolvers/generated.go:340.31,341.48 1 0
djong-reader-engine/graph/resolvers/generated.go:341.48,342.9 1 0
djong-reader-engine/graph/resolvers/generated.go:345.3,345.67 1 0
djong-reader-engine/graph/resolvers/generated.go:347.31,348.48 1 0
djong-reader-engine/graph/resolvers/generated.go:348.48,349.9 1 0
djong-reader-engine/graph/resolvers/generated.go:352.3,352.67 1 0
djong-reader-engine/graph/resolvers/generated.go:354.33,355.50 1 0
djong-reader-engine/graph/resolvers/generated.go:355.50,356.9 1 0
djong-reader-engine/graph/resolvers/generated.go:359.3,359.69 1 0
djong-reader-engine/graph/resolvers/generated.go:361.33,362.50 1 0
djong-reader-engine/graph/resolvers/generated.go:362.50,363.9 1 0
djong-reader-engine/graph/resolvers/generated.go:366.3,366.69 1 0
djong-reader-engine/graph/resolvers/generated.go:368.29,369.46 1 0
djong-reader-engine/graph/resolvers/generated.go:369.46,370.9 1 0
djong-reader-engine/graph/resolvers/generated.go:373.3,373.65 1 0
djong-reader-engine/graph/resolvers/generated.go:375.39,376.56 1 0
djong-reader-engine/graph/resolvers/generated.go:376.56,377.9 1 0
djong-reader-engine/graph/resolvers/generated.go:380.3,380.75 1 0
djong-reader-engine/graph/resolvers/generated.go:382.42,383.59 1 0
djong-reader-engine/graph/resolvers/generated.go:383.59,384.9 1 0
djong-reader-engine/graph/resolvers/generated.go:387.3,387.78 1 0
djong-reader-engine/graph/resolvers/generated.go:389.34,390.51 1 0
djong-reader-engine/graph/resolvers/generated.go:390.51,391.9 1 0
djong-reader-engine/graph/resolvers/generated.go:394.3,394.70 1 0
djong-reader-engine/graph/resolvers/generated.go:396.32,397.49 1 0
djong-reader-engine/graph/resolvers/generated.go:397.49,398.9 1 0
djong-reader-engine/graph/resolvers/generated.go:401.3,401.68 1 0
djong-reader-engine/graph/resolvers/generated.go:404.2,404.17 1 0
djong-reader-engine/graph/resolvers/generated.go:407.78,416.35 5 0
djong-reader-engine/graph/resolvers/generated.go:417.17,418.54 1 0
djong-reader-engine/graph/resolvers/generated.go:418.54,421.13 3 0
djong-reader-engine/graph/resolvers/generated.go:421.13,425.5 3 0
djong-reader-engine/graph/resolvers/generated.go:425.10,426.50 1 0
djong-reader-engine/graph/resolvers/generated.go:426.50,433.6 6 0
djong-reader-engine/graph/resolvers/generated.go:433.11,435.6 1 0
djong-reader-engine/graph/resolvers/generated.go:437.4,440.42 4 0
djong-reader-engine/graph/resolvers/generated.go:440.42,443.5 2 0
djong-reader-engine/graph/resolvers/generated.go:445.4,445.20 1 0
djong-reader-engine/graph/resolvers/generated.go:448.10,449.86 1 0
djong-reader-engine/graph/resolvers/generated.go:461.76,463.12 2 0
djong-reader-engine/graph/resolvers/generated.go:463.12,473.31 4 0
djong-reader-engine/graph/resolvers/generated.go:473.31,475.4 1 0
djong-reader-engine/graph/resolvers/generated.go:476.3,476.27 1 0
djong-reader-engine/graph/resolvers/generated.go:480.79,481.29 1 0
djong-reader-engine/graph/resolvers/generated.go:481.29,483.3 1 0
djong-reader-engine/graph/resolvers/generated.go:484.2,484.51 1 0
djong-reader-engine/graph/resolvers/generated.go:487.86,488.29 1 0
djong-reader-engine/graph/resolvers/generated.go:488.29,490.3 1 0
djong-reader-engine/graph/resolvers/generated.go:491.2,491.81 1 0
djong-reader-engine/graph/resolvers/generated.go:586.122,590.16 4 0
djong-reader-engine/graph/resolvers/generated.go:590.16,592.3 1 0
djong-reader-engine/graph/resolvers/generated.go:593.2,594.18 2 0
djong-reader-engine/graph/resolvers/generated.go:599.19,601.36 2 0
djong-reader-engine/graph/resolvers/generated.go:601.36,603.3 1 0
djong-reader-engine/graph/resolvers/generated.go:605.2,606.21 2 0
djong-reader-engine/graph/resolvers/generated.go:609.120,613.16 4 0
djong-reader-engine/graph/resolvers/generated.go:613.16,615.3 1 0
djong-reader-engine/graph/resolvers/generated.go:616.2,617.18 2 0
djong-reader-engine/graph/resolvers/generated.go:622.19,624.34 2 0
djong-reader-engine/graph/resolvers/generated.go:624.34,626.3 1 0
djong-reader-engine/graph/resolvers/generated.go:628.2,629.21 2 0
djong-reader-engine/graph/resolvers/generated.go:632.121,636.16 4 0
djong-reader-engine/graph/resolvers/generated.go:636.16,638.3 1 0
djong-reader-engine/graph/resolvers/generated.go:639.2,641.16 3 0
djong-reader-engine/graph/resolvers/generated.go:641.16,643.3 1 0
djong-reader-engine/graph/resolvers/generated.go:644.2,646.16 3 0
djong-reader-engine/graph/resolvers/generated.go:646.16,648.3 1 0
djong-reader-engine/graph/resolvers/generated.go:649.2,650.18 2 0
djong-reader-engine/graph/resolvers/generated.go:655.19,657.37 2 0
djong-reader-engine/graph/resolvers/generated.go:657.37,659.3 1 0
djong-reader-engine/graph/resolvers/generated.go:661.2,662.21 2 0
djong-reader-engine/graph/resolvers/generated.go:668.19,670.37 2 0
djong-reader-engine/graph/resolvers/generated.go:670.37,672.3 1 0
djong-reader-engine/graph/resolvers/generated.go:674.2,675.21 2 0
djong-reader-engine/graph/resolvers/generated.go:681.36,683.39 2 0
djong-reader-engine/graph/resolvers/generated.go:683.39,685.3 1 0
djong-reader-engine/graph/resolvers/generated.go:687.2,688.21 2 0
djong-reader-engine/graph/resolvers/generated.go:691.129,695.16 4 0
djong-reader-engine/graph/resolvers/generated.go:695.16,697.3 1 0
djong-reader-engine/graph/resolvers/generated.go:698.2,699.18 2 0
djong-reader-engine/graph/resolvers/generated.go:704.19,706.34 2 0
djong-reader-engine/graph/resolvers/generated.go:706.34,708.3 1 0
djong-reader-engine/graph/resolvers/generated.go:710.2,711.21 2 0
djong-reader-engine/graph/resolvers/generated.go:714.130,718.16 4 0
djong-reader-engine/graph/resolvers/generated.go:718.16,720.3 1 0
djong-reader-engine/graph/resolvers/generated.go:721.2,723.16 3 0
djong-reader-engine/graph/resolvers/generated.go:723.16,725.3 1 0
djong-reader-engine/graph/resolvers/generated.go:726.2,728.16 3 0
djong-reader-engine/graph/resolvers/generated.go:728.16,730.3 1 0
djong-reader-engine/graph/resolvers/generated.go:731.2,732.18 2 0
djong-reader-engine/graph/resolvers/generated.go:737.19,739.37 2 0
djong-reader-engine/graph/resolvers/generated.go:739.37,741.3 1 0
djong-reader-engine/graph/resolvers/generated.go:743.2,744.21 2 0
djong-reader-engine/graph/resolvers/generated.go:750.20,752.37 2 0
djong-reader-engine/graph/resolvers/generated.go:752.37,754.3 1 0
djong-reader-engine/graph/resolvers/generated.go:756.2,757.21 2 0
djong-reader-engine/graph/resolvers/generated.go:763.45,765.39 2 0
djong-reader-engine/graph/resolvers/generated.go:765.39,767.3 1 0
djong-reader-engine/graph/resolvers/generated.go:769.2,770.21 2 0
djong-reader-engine/graph/resolvers/generated.go:773.126,777.16 4 0
djong-reader-engine/graph/resolvers/generated.go:777.16,779.3 1 0
djong-reader-engine/graph/resolvers/generated.go:780.2,781.18 2 0
djong-reader-engine/graph/resolvers/generated.go:786.18,788.49 2 0
djong-reader-engine/graph/resolvers/generated.go:788.49,790.3 1 0
djong-reader-engine/graph/resolvers/generated.go:792.2,793.21 2 0
djong-reader-engine/graph/resolvers/generated.go:796.122,800.16 4 0
djong-reader-engine/graph/resolvers/generated.go:800.16,802.3 1 0
djong-reader-engine/graph/resolvers/generated.go:803.2,804.18 2 0
djong-reader-engine/graph/resolvers/generated.go:809.18,811.49 2 0
djong-reader-engine/graph/resolvers/generated.go:811.49,813.3 1 0
djong-reader-engine/graph/resolvers/generated.go:815.2,816.21 2 0
djong-reader-engine/graph/resolvers/generated.go:819.127,823.16 4 0
djong-reader-engine/graph/resolvers/generated.go:823.16,825.3 1 0
djong-reader-engine/graph/resolvers/generated.go:826.2,827.18 2 0
djong-reader-engine/graph/resolvers/generated.go:832.17,834.49 2 0
djong-reader-engine/graph/resolvers/generated.go:834.49,836.3 1 0
djong-reader-engine/graph/resolvers/generated.go:838.2,839.21 2 0
djong-reader-engine/graph/resolvers/generated.go:842.123,846.16 4 0
djong-reader-engine/graph/resolvers/generated.go:846.16,848.3 1 0
djong-reader-engine/graph/resolvers/generated.go:849.2,850.18 2 0
djong-reader-engine/graph/resolvers/generated.go:855.17,857.49 2 0
djong-reader-engine/graph/resolvers/generated.go:857.49,859.3 1 0
djong-reader-engine/graph/resolvers/generated.go:861.2,862.21 2 0
djong-reader-engine/graph/resolvers/generated.go:873.130,875.16 2 0
djong-reader-engine/graph/resolvers/generated.go:875.16,877.3 1 0
djong-reader-engine/graph/resolvers/generated.go:878.2,879.15 2 0
djong-reader-engine/graph/resolvers/generated.go:879.15,880.31 1 0
djong-reader-engine/graph/resolvers/generated.go:880.31,883.4 2 0
djong-reader-engine/graph/resolvers/generated.go:885.2,885.84 1 0
djong-reader-engine/graph/resolvers/generated.go:885.84,888.3 2 0
djong-reader-engine/graph/resolvers/generated.go:889.2,889.16 1 0
djong-reader-engine/graph/resolvers/generated.go:889.16,892.3 2 0
djong-reader-engine/graph/resolvers/generated.go:893.2,893.19 1 0
djong-reader-engine/graph/resolvers/generated.go:893.19,894.38 1 0
djong-reader-engine/graph/resolvers/generated.go:894.38,896.4 1 0
djong-reader-engine/graph/resolvers/generated.go:897.3,897.22 1 0
djong-reader-engine/graph/resolvers/generated.go:899.2,901.57 3 0
djong-reader-engine/graph/resolvers/generated.go:904.137,910.97 1 0
djong-reader-engine/graph/resolvers/generated.go:910.97,912.4 1 0
djong-reader-engine/graph/resolvers/generated.go:914.2,914.16 1 0
djong-reader-engine/graph/resolvers/generated.go:917.137,919.16 2 0
djong-reader-engine/graph/resolvers/generated.go:919.16,921.3 1 0
djong-reader-engine/graph/resolvers/generated.go:922.2,923.15 2 0
djong-reader-engine/graph/resolvers/generated.go:923.15,924.31 1 0
djong-reader-engine/graph/resolvers/generated.go:924.31,927.4 2 0
djong-reader-engine/graph/resolvers/generated.go:929.2,929.84 1 0
djong-reader-engine/graph/resolvers/generated.go:929.84,932.3 2 0
djong-reader-engine/graph/resolvers/generated.go:933.2,933.16 1 0
djong-reader-engine/graph/resolvers/generated.go:933.16,936.3 2 0
djong-reader-engine/graph/resolvers/generated.go:937.2,937.19 1 0
djong-reader-engine/graph/resolvers/generated.go:937.19,939.3 1 0
djong-reader-engine/graph/resolvers/generated.go:940.2,942.60 3 0
djong-reader-engine/graph/resolvers/generated.go:945.144,951.97 1 0
djong-reader-engine/graph/resolvers/generated.go:951.97,953.4 1 0
djong-reader-engine/graph/resolvers/generated.go:955.2,955.16 1 0
djong-reader-engine/graph/resolvers/generated.go:958.135,960.16 2 0
djong-reader-engine/graph/resolvers/generated.go:960.16,962.3 1 0
djong-reader-engine/graph/resolvers/generated.go:963.2,964.15 2 0
djong-reader-engine/graph/resolvers/generated.go:964.15,965.31 1 0
djong-reader-engine/graph/resolvers/generated.go:965.31,968.4 2 0
djong-reader-engine/graph/resolvers/generated.go:970.2,970.84 1 0
djong-reader-engine/graph/resolvers/generated.go:970.84,973.3 2 0
djong-reader-engine/graph/resolvers/generated.go:974.2,974.16 1 0
djong-reader-engine/graph/resolvers/generated.go:974.16,977.3 2 0
djong-reader-engine/graph/resolvers/generated.go:978.2,978.19 1 0
djong-reader-engine/graph/resolvers/generated.go:978.19,980.3 1 0
djong-reader-engine/graph/resolvers/generated.go:981.2,983.64 3 0
djong-reader-engine/graph/resolvers/generated.go:986.142,992.97 1 0
djong-reader-engine/graph/resolvers/generated.go:992.97,994.4 1 0
djong-reader-engine/graph/resolvers/generated.go:996.2,996.16 1 0
djong-reader-engine/graph/resolvers/generated.go:999.137,1001.16 2 0
djong-reader-engine/graph/resolvers/generated.go:1001.16,1003.3 1 0
djong-reader-engine/graph/resolvers/generated.go:1004.2,1005.15 2 0
djong-reader-engine/graph/resolvers/generated.go:1005.15,1006.31 1 0
djong-reader-engine/graph/resolvers/generated.go:1006.31,1009.4 2 0
djong-reader-engine/graph/resolvers/generated.go:1011.2,1011.84 1 0
djong-reader-engine/graph/resolvers/generated.go:1011.84,1014.3 2 0
djong-reader-engine/graph/resolvers/generated.go:1015.2,1015.16 1 0
djong-reader-engine/graph/resolvers/generated.go:1015.16,1018.3 2 0
djong-reader-engine/graph/resolvers/generated.go:1019.2,1019.19 1 0
djong-reader-engine/graph/resolvers/generated.go:1019.19,1020.38 1 0
djong-reader-engine/graph/resolvers/generated.go:1020.38,1022.4 1 0
djong-reader-engine/graph/resolvers/generated.go:1023.3,1023.22 1 0
djong-reader-engine/graph/resolvers/generated.go:1025.2,1027.64 3 0
djong-reader-engine/graph/resolvers/generated.go:1030.144,1036.97 1 0
djong-reader-engine/graph/resolvers/generated.go:1036.97,1038.4 1 0
djong-reader-engine/graph/resolvers/generated.go:1040.2,1040.16 1 0
djong-reader-engine/graph/resolvers/generated.go:1043.137,1045.16 2 0
djong-reader-engine/graph/resolvers/generated.go:1045.16,1047.3 1 0
djong-reader-engine/graph/resolvers/generated.go:1048.2,1049.15 2 0
djong-reader-engine/graph/resolvers/generated.go:1049.15,1050.31 1 0
djong-reader-engine/graph/resolvers/generated.go:1050.31,1053.4 2 0
djong-reader-engine/graph/resolvers/generated.go:1055.2,1055.84 1 0
djong-reader-engine/graph/resolvers/generated.go:1055.84,1058.3 2 0
djong-reader-engine/graph/resolvers/generated.go:1059.2,1059.16 1 0
djong-reader-engine/graph/resolvers/generated.go:1059.16,1062.3 2 0
djong-reader-engine/graph/resolvers/generated.go:1063.2,1063.19 1 0
djong-reader-engine/graph/resolvers/generated.go:1063.19,1065.3 1 0
djong-reader-engine/graph/resolvers/generated.go:1066.2,1068.64 3 0
djong-reader-engine/graph/resolvers/generated.go:1071.144,1077.97 1 0
djong-reader-engine/graph/resolvers/generated.go:1077.97,1079.4 1 0
djong-reader-engine/graph/resolvers/generated.go:1081.2,1081.16 1 0
djong-reader-engine/graph/resolvers/generated.go:1084.137,1086.16 2 0
djong-reader-engine/graph/resolvers/generated.go:1086.16,1088.3 1 0
djong-reader-engine/graph/resolvers/generated.go:1089.2,1090.15 2 0
djong-reader-engine/graph/resolvers/generated.go:1090.15,1091.31 1 0
djong-reader-engine/graph/resolvers/generated.go:1091.31,1094.4 2 0
djong-reader-engine/graph/resolvers/generated.go:1096.2,1096.84 1 0
djong-reader-engine/graph/resolvers/generated.go:1096.84,1099.3 2 0
djong-reader-engine/graph/resolvers/generated.go:1100.2,1100.16 1 0
djong-reader-engine/graph/resolvers/generated.go:1100.16,1103.3 2 0
djong-reader-engine/graph/resolvers/generated.go:1104.2,1104.19 1 0
djong-reader-engine/graph/resolvers/generated.go:1104.19,1106.3 1 0
djong-reader-engine/graph/resolvers/generated.go:1107.2,1109.67 3 0
djong-reader-engine/graph/resolvers/generated.go:1112.144,1118.97 1 0
djong-reader-engine/graph/resolvers/generated.go:1118.97,1120.4 1 0
djong-reader-engine/graph/resolvers/generated.go:1122.2,1122.16 1 0
djong-reader-engine/graph/resolvers/generated.go:1125.137,1127.16 2 0
djong-reader-engine/graph/resolvers/generated.go:1127.16,1129.3 1 0
djong-reader-engine/graph/resolvers/generated.go:1130.2,1131.15 2 0
djong-reader-engine/graph/resolvers/generated.go:1131.15,1132.31 1 0
djong-reader-engine/graph/resolvers/generated.go:1132.31,1135.4 2 0
djong-reader-engine/graph/resolvers/generated.go:1137.2,1137.84 1 0
djong-reader-engine/graph/resolvers/generated.go:1137.84,1140.3 2 0
djong-reader-engine/graph/resolvers/generated.go:1141.2,1141.16 1 0
djong-reader-engine/graph/resolvers/generated.go:1141.16,1144.3 2 0
djong-reader-engine/graph/resolvers/generated.go:1145.2,1145.19 1 0
djong-reader-engine/graph/resolvers/generated.go:1145.19,1147.3 1 0
djong-reader-engine/graph/resolvers/generated.go:1148.2,1150.64 3 0
djong-reader-engine/graph/resolvers/generated.go:1153.144,1159.97 1 0
djong-reader-engine/graph/resolvers/generated.go:1159.97,1161.4 1 0
djong-reader-engine/graph/resolvers/generated.go:1163.2,1163.16 1 0
djong-reader-engine/graph/resolvers/generated.go:1166.136,1168.16 2 0
djong-reader-engine/graph/resolvers/generated.go:1168.16,1170.3 1 0
djong-reader-engine/graph/resolvers/generated.go:1171.2,1172.15 2 0
djong-reader-engine/graph/resolvers/generated.go:1172.15,1173.31 1 0
djong-reader-engine/graph/resolvers/generated.go:1173.31,1176.4 2 0
djong-reader-engine/graph/resolvers/generated.go:1178.2,1178.84 1 0
djong-reader-engine/graph/resolvers/generated.go:1178.84,1181.3 2 0
djong-reader-engine/graph/resolvers/generated.go:1182.2,1182.16 1 0
djong-reader-engine/graph/resolvers/generated.go:1182.16,1185.3 2 0
djong-reader-engine/graph/resolvers/generated.go:1186.2,1186.19 1 0
djong-reader-engine/graph/resolvers/generated.go:1186.19,1187.38 1 0
djong-reader-engine/graph/resolvers/generated.go:1187.38,1189.4 1 0
djong-reader-engine/graph/resolvers/generated.go:1190.3,1190.22 1 0
djong-reader-engine/graph/resolvers/generated.go:1192.2,1194.60 3 0
djong-reader-engine/graph/resolvers/generated.go:1197.143,1203.97 1 0
djong-reader-engine/graph/resolvers/generated.go:1203.97,1205.4 1 0
djong-reader-engine/graph/resolvers/generated.go:1207.2,1207.16 1 0
djong-reader-engine/graph/resolvers/generated.go:1210.143,1212.16 2 0
djong-reader-engine/graph/resolvers/generated.go:1212.16,1214.3 1 0
djong-reader-engine/graph/resolvers/generated.go:1215.2,1216.15 2 0
djong-reader-engine/graph/resolvers/generated.go:1216.15,1217.31 1 0
djong-reader-engine/graph/resolvers/generated.go:1217.31,1220.4 2 0
djong-reader-engine/graph/resolvers/generated.go:1222.2,1222.84 1 0
djong-reader-engine/graph/resolvers/generated.go:1222.84,1225.3 2 0
djong-reader-engine/graph/resolvers/generated.go:1226.2,1226.16 1 0
djong-reader-engine/graph/resolvers/generated.go:1226.16,1229.3 2 0
djong-reader-engine/graph/resolvers/generated.go:1230.2,1230.19 1 0
djong-reader-engine/graph/resolvers/generated.go:1230.19,1232.3 1 0
djong-reader-engine/graph/resolvers/generated.go:1233.2,1235.60 3 0
djong-reader-engine/graph/resolvers/generated.go:1238.150,1244.97 1 0
djong-reader-engine/graph/resolvers/generated.go:1244.97,1246.4 1 0
djong-reader-engine/graph/resolvers/generated.go:1248.2,1248.16 1 0
djong-reader-engine/graph/resolvers/generated.go:1251.153,1253.16 2 0
djong-reader-engine/graph/resolvers/generated.go:1253.16,1255.3 1 0
djong-reader-engine/graph/resolvers/generated.go:1256.2,1257.15 2 0
djong-reader-engine/graph/resolvers/generated.go:1257.15,1258.31 1 0
djong-reader-engine/graph/resolvers/generated.go:1258.31,1261.4 2 0
djong-reader-engine/graph/resolvers/generated.go:1263.2,1263.84 1 0
djong-reader-engine/graph/resolvers/generated.go:1263.84,1266.3 2 0
djong-reader-engine/graph/resolvers/generated.go:1267.2,1267.16 1 0
djong-reader-engine/graph/resolvers/generated.go:1267.16,1270.3 2 0
djong-reader-engine/graph/resolvers/generated.go:1271.2,1271.19 1 0
djong-reader-engine/graph/resolvers/generated.go:1271.19,1273.3 1 0
djong-reader-engine/graph/resolvers/generated.go:1274.2,1276.116 3 0
djong-reader-engine/graph/resolvers/generated.go:1279.150,1285.97 1 0
djong-reader-engine/graph/resolvers/generated.go:1285.97,1286.22 1 0
djong-reader-engine/graph/resolvers/generated.go:1287.18,1288.55 1 0
djong-reader-engine/graph/resolvers/generated.go:1289.16,1290.53 1 0
djong-reader-engine/graph/resolvers/generated.go:1292.4,1292.89 1 0
djong-reader-engine/graph/resolvers/generated.go:1295.2,1295.16 1 0
djong-reader-engine/graph/resolvers/generated.go:1298.156,1300.16 2 0
djong-reader-engine/graph/resolvers/generated.go:1300.16,1302.3 1 0
djong-reader-engine/graph/resolvers/generated.go:1303.2,1304.15 2 0
djong-reader-engine/graph/resolvers/generated.go:1304.15,1305.31 1 0
djong-reader-engine/graph/resolvers/generated.go:1305.31,1308.4 2 0
djong-reader-engine/graph/resolvers/generated.go:1310.2,1310.84 1 0
djong-reader-engine/graph/resolvers/generated.go:1310.84,1313.3 2 0
djong-reader-engine/graph/resolvers/generated.go:1314.2,1314.16 1 0
djong-reader-engine/graph/resolvers/generated.go:1314.16,1317.3 2 0
djong-reader-engine/graph/resolvers/generated.go:1318.2,1318.19 1 0
djong-reader-engine/graph/resolvers/generated.go:1318.19,1320.3 1 0
djong-reader-engine/graph/resolvers/generated.go:1321.2,1323.118 3 0
djong-reader-engine/graph/resolvers/generated.go:1326.153,1332.97 1 0
djong-reader-engine/graph/resolvers/generated.go:1332.97,1333.22 1 0
djong-reader-engine/graph/resolvers/generated.go:1334.21,1335.62 1 0
djong-reader-engine/graph/resolvers/generated.go:1336.23,1337.64 1 0
djong-reader-engine/graph/resolvers/generated.go:1339.4,1339.93 1 0
djong-reader-engine/graph/resolvers/generated.go:1342.2,1342.16 1 0
djong-reader-engine/graph/resolvers/generated.go:1345.142,1347.16 2 0
djong-reader-engine/graph/resolvers/generated.go:1347.16,1349.3 1 0
djong-reader-engine/graph/resolvers/generated.go:1350.2,1351.15 2 0
djong-reader-engine/graph/resolvers/generated.go:1351.15,1352.31 1 0
djong-reader-engine/graph/resolvers/generated.go:1352.31,1355.4 2 0
djong-reader-engine/graph/resolvers/generated.go:1357.2,1357.84 1 0
djong-reader-engine/graph/resolvers/generated.go:1357.84,1360.3 2 0
djong-reader-engine/graph/resolvers/generated.go:1361.2,1361.16 1 0
djong-reader-engine/graph/resolvers/generated.go:1361.16,1364.3 2 0
djong-reader-engine/graph/resolvers/generated.go:1365.2,1365.19 1 0
djong-reader-engine/graph/resolvers/generated.go:1365.19,1366.38 1 0
djong-reader-engine/graph/resolvers/generated.go:1366.38,1368.4 1 0
djong-reader-engine/graph/resolvers/generated.go:1369.3,1369.22 1 0
djong-reader-engine/graph/resolvers/generated.go:1371.2,1373.61 3 0
djong-reader-engine/graph/resolvers/generated.go:1376.145,1382.97 1 0
djong-reader-engine/graph/resolvers/generated.go:1382.97,1384.4 1 0
djong-reader-engine/graph/resolvers/generated.go:1386.2,1386.16 1 0
djong-reader-engine/graph/resolvers/generated.go:1389.140,1391.16 2 0
djong-reader-engine/graph/resolvers/generated.go:1391.16,1393.3 1 0
djong-reader-engine/graph/resolvers/generated.go:1394.2,1395.15 2 0
djong-reader-engine/graph/resolvers/generated.go:1395.15,1396.31 1 0
djong-reader-engine/graph/resolvers/generated.go:1396.31,1399.4 2 0
djong-reader-engine/graph/resolvers/generated.go:1401.2,1401.84 1 0
djong-reader-engine/graph/resolvers/generated.go:1401.84,1404.3 2 0
djong-reader-engine/graph/resolvers/generated.go:1405.2,1405.16 1 0
djong-reader-engine/graph/resolvers/generated.go:1405.16,1408.3 2 0
djong-reader-engine/graph/resolvers/generated.go:1409.2,1409.19 1 0
djong-reader-engine/graph/resolvers/generated.go:1409.19,1410.38 1 0
djong-reader-engine/graph/resolvers/generated.go:1410.38,1412.4 1 0
djong-reader-engine/graph/resolvers/generated.go:1413.3,1413.22 1 0
djong-reader-engine/graph/resolvers/generated.go:1415.2,1417.102 3 0
djong-reader-engine/graph/resolvers/generated.go:1420.143,1426.97 1 0
djong-reader-engine/graph/resolvers/generated.go:1426.97,1427.22 1 0
djong-reader-engine/graph/resolvers/generated.go:1428.14,1429.47 1 0
djong-reader-engine/graph/resolvers/generated.go:1430.21,1431.54 1 0
djong-reader-engine/graph/resolvers/generated.go:1432.19,1433.52 1 0
djong-reader-engine/graph/resolvers/generated.go:1434.21,1435.54 1 0
djong-reader-engine/graph/resolvers/generated.go:1436.21,1437.54 1 0
djong-reader-engine/graph/resolvers/generated.go:1438.21,1439.54 1 0
djong-reader-engine/graph/resolvers/generated.go:1440.21,1441.54 1 0
djong-reader-engine/graph/resolvers/generated.go:1442.20,1443.53 1 0
djong-reader-engine/graph/resolvers/generated.go:1444.27,1445.60 1 0
djong-reader-engine/graph/resolvers/generated.go:1447.4,1447.85 1 0
djong-reader-engine/graph/resolvers/generated.go:1450.2,1450.16 1 0
djong-reader-engine/graph/resolvers/generated.go:1453.153,1455.16 2 0
djong-reader-engine/graph/resolvers/generated.go:1455.16,1457.3 1 0
djong-reader-engine/graph/resolvers/generated.go:1458.2,1459.15 2 0
djong-reader-engine/graph/resolvers/generated.go:1459.15,1460.31 1 0
djong-reader-engine/graph/resolvers/generated.go:1460.31,1463.4 2 0
djong-reader-engine/graph/resolvers/generated.go:1465.2,1465.84 1 0
djong-reader-engine/graph/resolvers/generated.go:1465.84,1468.3 2 0
djong-reader-engine/graph/resolvers/generated.go:1469.2,1469.16 1 0
djong-reader-engine/graph/resolvers/generated.go:1469.16,1472.3 2 0
djong-reader-engine/graph/resolvers/generated.go:1473.2,1473.19 1 0
djong-reader-engine/graph/resolvers/generated.go:1473.19,1475.3 1 0
djong-reader-engine/graph/resolvers/generated.go:1476.2,1478.64 3 0
djong-reader-engine/graph/resolvers/generated.go:1481.152,1487.97 1 0
djong-reader-engine/graph/resolvers/generated.go:1487.97,1489.4 1 0
djong-reader-engine/graph/resolvers/generated.go:1491.2,1491.16 1 0
djong-reader-engine/graph/resolvers/generated.go:1494.155,1496.16 2 0
djong-reader-engine/graph/resolvers/generated.go:1496.16,1498.3 1 0
djong-reader-engine/graph/resolvers/generated.go:1499.2,1500.15 2 0
djong-reader-engine/graph/resolvers/generated.go:1500.15,1501.31 1 0
djong-reader-engine/graph/resolvers/generated.go:1501.31,1504.4 2 0
djong-reader-engine/graph/resolvers/generated.go:1506.2,1506.84 1 0
djong-reader-engine/graph/resolvers/generated.go:1506.84,1509.3 2 0
djong-reader-engine/graph/resolvers/generated.go:1510.2,1510.16 1 0
djong-reader-engine/graph/resolvers/generated.go:1510.16,1513.3 2 0
djong-reader-engine/graph/resolvers/generated.go:1514.2,1514.19 1 0
djong-reader-engine/graph/resolvers/generated.go:1514.19,1515.38 1 0
djong-reader-engine/graph/resolvers/generated.go:1515.38,1517.4 1 0
djong-reader-engine/graph/resolvers/generated.go:1518.3,1518.22 1 0
djong-reader-engine/graph/resolvers/generated.go:1520.2,1522.60 3 0
djong-reader-engine/graph/resolvers/generated.go:1525.154,1531.97 1 0
djong-reader-engine/graph/resolvers/generated.go:1531.97,1533.4 1 0
djong-reader-engine/graph/resolvers/generated.go:1535.2,1535.16 1 0
djong-reader-engine/graph/resolvers/generated.go:1538.145,1540.16 2 0
djong-reader-engine/graph/resolvers/generated.go:1540.16,1542.3 1 0
djong-reader-engine/graph/resolvers/generated.go:1543.2,1544.15 2 0
djong-reader-engine/graph/resolvers/generated.go:1544.15,1545.31 1 0
djong-reader-engine/graph/resolvers/generated.go:1545.31,1548.4 2 0
djong-reader-engine/graph/resolvers/generated.go:1550.2,1550.84 1 0
djong-reader-engine/graph/resolvers/generated.go:1550.84,1553.3 2 0
djong-reader-engine/graph/resolvers/generated.go:1554.2,1554.16 1 0
djong-reader-engine/graph/resolvers/generated.go:1554.16,1557.3 2 0
djong-reader-engine/graph/resolvers/generated.go:1558.2,1558.19 1 0
djong-reader-engine/graph/resolvers/generated.go:1558.19,1560.3 1 0
djong-reader-engine/graph/resolvers/generated.go:1561.2,1563.64 3 0
djong-reader-engine/graph/resolvers/generated.go:1566.148,1572.97 1 0
djong-reader-engine/graph/resolvers/generated.go:1572.97,1574.4 1 0
djong-reader-engine/graph/resolvers/generated.go:1576.2,1576.16 1 0
djong-reader-engine/graph/resolvers/generated.go:1579.147,1581.16 2 0
djong-reader-engine/graph/resolvers/generated.go:1581.16,1583.3 1 0
djong-reader-engine/graph/resolvers/generated.go:1584.2,1585.15 2 0
djong-reader-engine/graph/resolvers/generated.go:1585.15,1586.31 1 0
djong-reader-engine/graph/resolvers/generated.go:1586.31,1589.4 2 0
djong-reader-engine/graph/resolvers/generated.go:1591.2,1591.84 1 0
djong-reader-engine/graph/resolvers/generated.go:1591.84,1594.3 2 0
djong-reader-engine/graph/resolvers/generated.go:1595.2,1595.16 1 0
djong-reader-engine/graph/resolvers/generated.go:1595.16,1598.3 2 0
djong-reader-engine/graph/resolvers/generated.go:1599.2,1599.19 1 0
djong-reader-engine/graph/resolvers/generated.go:1599.19,1600.38 1 0
djong-reader-engine/graph/resolvers/generated.go:1600.38,1602.4 1 0
djong-reader-engine/graph/resolvers/generated.go:1603.3,1603.22 1 0
djong-reader-engine/graph/resolvers/generated.go:1605.2,1607.60 3 0
djong-reader-engine/graph/resolvers/generated.go:1610.150,1616.97 1 0
djong-reader-engine/graph/resolvers/generated.go:1616.97,1618.4 1 0
djong-reader-engine/graph/resolvers/generated.go:1620.2,1620.16 1 0
djong-reader-engine/graph/resolvers/generated.go:1623.116,1625.16 2 0
djong-reader-engine/graph/resolvers/generated.go:1625.16,1627.3 1 0
djong-reader-engine/graph/resolvers/generated.go:1628.2,1629.15 2 0
djong-reader-engine/graph/resolvers/generated.go:1629.15,1630.31 1 0
djong-reader-engine/graph/resolvers/generated.go:1630.31,1633.4 2 0
djong-reader-engine/graph/resolvers/generated.go:1635.2,1635.84 1 0
djong-reader-engine/graph/resolvers/generated.go:1635.84,1638.3 2 0
djong-reader-engine/graph/resolvers/generated.go:1639.2,1639.16 1 0
djong-reader-engine/graph/resolvers/generated.go:1639.16,1642.3 2 0
djong-reader-engine/graph/resolvers/generated.go:1643.2,1643.19 1 0
djong-reader-engine/graph/resolvers/generated.go:1643.19,1645.3 1 0
djong-reader-engine/graph/resolvers/generated.go:1646.2,1648.102 3 0
djong-reader-engine/graph/resolvers/generated.go:1651.142,1657.97 1 0
djong-reader-engine/graph/resolvers/generated.go:1657.97,1658.22 1 0
djong-reader-engine/graph/resolvers/generated.go:1659.14,1660.47 1 0
djong-reader-engine/graph/resolvers/generated.go:1661.21,1662.54 1 0
djong-reader-engine/graph/resolvers/generated.go:1663.19,1664.52 1 0
djong-reader-engine/graph/resolvers/generated.go:1665.21,1666.54 1 0
djong-reader-engine/graph/resolvers/generated.go:1667.21,1668.54 1 0
djong-reader-engine/graph/resolvers/generated.go:1669.21,1670.54 1 0
djong-reader-engine/graph/resolvers/generated.go:1671.21,1672.54 1 0
djong-reader-engine/graph/resolvers/generated.go:1673.20,1674.53 1 0
djong-reader-engine/graph/resolvers/generated.go:1675.27,1676.60 1 0
djong-reader-engine/graph/resolvers/generated.go:1678.4,1678.85 1 0
djong-reader-engine/graph/resolvers/generated.go:1681.2,1681.15 1 0
djong-reader-engine/graph/resolvers/generated.go:1681.15,1682.31 1 0
djong-reader-engine/graph/resolvers/generated.go:1682.31,1685.4 2 0
djong-reader-engine/graph/resolvers/generated.go:1687.2,1688.95 2 0
djong-reader-engine/graph/resolvers/generated.go:1688.95,1691.3 2 0
djong-reader-engine/graph/resolvers/generated.go:1692.2,1692.16 1 0
djong-reader-engine/graph/resolvers/generated.go:1695.117,1697.16 2 0
djong-reader-engine/graph/resolvers/generated.go:1697.16,1699.3 1 0
djong-reader-engine/graph/resolvers/generated.go:1700.2,1701.15 2 0
djong-reader-engine/graph/resolvers/generated.go:1701.15,1702.31 1 0
djong-reader-engine/graph/resolvers/generated.go:1702.31,1705.4 2 0
djong-reader-engine/graph/resolvers/generated.go:1707.2,1707.84 1 0
djong-reader-engine/graph/resolvers/generated.go:1707.84,1710.3 2 0
djong-reader-engine/graph/resolvers/generated.go:1711.2,1711.16 1 0
djong-reader-engine/graph/resolvers/generated.go:1711.16,1714.3 2 0
djong-reader-engine/graph/resolvers/generated.go:1715.2,1715.19 1 0
djong-reader-engine/graph/resolvers/generated.go:1715.19,1716.38 1 0
djong-reader-engine/graph/resolvers/generated.go:1716.38,1718.4 1 0
djong-reader-engine/graph/resolvers/generated.go:1719.3,1719.22 1 0
djong-reader-engine/graph/resolvers/generated.go:1721.2,1723.122 3 0
djong-reader-engine/graph/resolvers/generated.go:1726.143,1732.97 1 0
djong-reader-engine/graph/resolvers/generated.go:1732.97,1733.22 1 0
djong-reader-engine/graph/resolvers/generated.go:1734.17,1735.60 1 0
djong-reader-engine/graph/resolvers/generated.go:1736.20,1737.63 1 0
djong-reader-engine/graph/resolvers/generated.go:1739.4,1739.95 1 0
djong-reader-engine/graph/resolvers/generated.go:1742.2,1742.15 1 0
djong-reader-engine/graph/resolvers/generated.go:1742.15,1743.31 1 0
djong-reader-engine/graph/resolvers/generated.go:1743.31,1746.4 2 0
djong-reader-engine/graph/resolvers/generated.go:1748.2,1749.96 2 0
djong-reader-engine/graph/resolvers/generated.go:1749.96,1752.3 2 0
djong-reader-engine/graph/resolvers/generated.go:1753.2,1753.16 1 0
djong-reader-engine/graph/resolvers/generated.go:1756.125,1758.16 2 0
djong-reader-engine/graph/resolvers/generated.go:1758.16,1760.3 1 0
djong-reader-engine/graph/resolvers/generated.go:1761.2,1762.15 2 0
djong-reader-engine/graph/resolvers/generated.go:1762.15,1763.31 1 0
djong-reader-engine/graph/resolvers/generated.go:1763.31,1766.4 2 0
djong-reader-engine/graph/resolvers/generated.go:1768.2,1768.84 1 0
djong-reader-engine/graph/resolvers/generated.go:1768.84,1771.3 2 0
djong-reader-engine/graph/resolvers/generated.go:1772.2,1772.16 1 0
djong-reader-engine/graph/resolvers/generated.go:1772.16,1775.3 2 0
djong-reader-engine/graph/resolvers/generated.go:1776.2,1776.19 1 0
djong-reader-engine/graph/resolvers/generated.go:1776.19,1778.3 1 0
djong-reader-engine/graph/resolvers/generated.go:1779.2,1781.120 3 0
djong-reader-engine/graph/resolvers/generated.go:1784.151,1790.97 1 0
djong-reader-engine/graph/resolvers/generated.go:1790.97,1791.22 1 0
djong-reader-engine/graph/resolvers/generated.go:1792.14,1793.56 1 0
djong-reader-engine/graph/resolvers/generated.go:1794.17,1795.59 1 0
djong-reader-engine/graph/resolvers/generated.go:1796.30,1797.72 1 0
djong-reader-engine/graph/resolvers/generated.go:1798.19,1799.61 1 0
djong-reader-engine/graph/resolvers/generated.go:1800.19,1801.61 1 0
djong-reader-engine/graph/resolvers/generated.go:1802.21,1803.63 1 0
djong-reader-engine/graph/resolvers/generated.go:1804.21,1805.63 1 0
djong-reader-engine/graph/resolvers/generated.go:1806.21,1807.63 1 0
djong-reader-engine/graph/resolvers/generated.go:1808.21,1809.63 1 0
djong-reader-engine/graph/resolvers/generated.go:1810.20,1811.62 1 0
djong-reader-engine/graph/resolvers/generated.go:1813.4,1813.94 1 0
djong-reader-engine/graph/resolvers/generated.go:1816.2,1816.15 1 0
djong-reader-engine/graph/resolvers/generated.go:1816.15,1817.31 1 0
djong-reader-engine/graph/resolvers/generated.go:1817.31,1820.4 2 0
djong-reader-engine/graph/resolvers/generated.go:1822.2,1823.104 2 0
djong-reader-engine/graph/resolvers/generated.go:1823.104,1826.3 2 0
djong-reader-engine/graph/resolvers/generated.go:1827.2,1827.16 1 0
djong-reader-engine/graph/resolvers/generated.go:1830.126,1832.16 2 0
djong-reader-engine/graph/resolvers/generated.go:1832.16,1834.3 1 0
djong-reader-engine/graph/resolvers/generated.go:1835.2,1836.15 2 0
djong-reader-engine/graph/resolvers/generated.go:1836.15,1837.31 1 0
djong-reader-engine/graph/resolvers/generated.go:1837.31,1840.4 2 0
djong-reader-engine/graph/resolvers/generated.go:1842.2,1842.84 1 0
djong-reader-engine/graph/resolvers/generated.go:1842.84,1845.3 2 0
djong-reader-engine/graph/resolvers/generated.go:1846.2,1846.16 1 0
djong-reader-engine/graph/resolvers/generated.go:1846.16,1849.3 2 0
djong-reader-engine/graph/resolvers/generated.go:1850.2,1850.19 1 0
djong-reader-engine/graph/resolvers/generated.go:1850.19,1851.38 1 0
djong-reader-engine/graph/resolvers/generated.go:1851.38,1853.4 1 0
djong-reader-engine/graph/resolvers/generated.go:1854.3,1854.22 1 0
djong-reader-engine/graph/resolvers/generated.go:1856.2,1858.140 3 0
djong-reader-engine/graph/resolvers/generated.go:1861.152,1867.97 1 0
djong-reader-engine/graph/resolvers/generated.go:1867.97,1868.22 1 0
djong-reader-engine/graph/resolvers/generated.go:1869.17,1870.69 1 0
djong-reader-engine/graph/resolvers/generated.go:1871.20,1872.72 1 0
djong-reader-engine/graph/resolvers/generated.go:1874.4,1874.104 1 0
djong-reader-engine/graph/resolvers/generated.go:1877.2,1877.15 1 0
djong-reader-engine/graph/resolvers/generated.go:1877.15,1878.31 1 0
djong-reader-engine/graph/resolvers/generated.go:1878.31,1881.4 2 0
djong-reader-engine/graph/resolvers/generated.go:1883.2,1884.105 2 0
djong-reader-engine/graph/resolvers/generated.go:1884.105,1887.3 2 0
djong-reader-engine/graph/resolvers/generated.go:1888.2,1888.16 1 0
djong-reader-engine/graph/resolvers/generated.go:1891.118,1893.16 2 0
djong-reader-engine/graph/resolvers/generated.go:1893.16,1895.3 1 0
djong-reader-engine/graph/resolvers/generated.go:1896.2,1897.15 2 0
djong-reader-engine/graph/resolvers/generated.go:1897.15,1898.31 1 0
djong-reader-engine/graph/resolvers/generated.go:1898.31,1901.4 2 0
djong-reader-engine/graph/resolvers/generated.go:1903.2,1903.84 1 0
djong-reader-engine/graph/resolvers/generated.go:1903.84,1906.3 2 0
djong-reader-engine/graph/resolvers/generated.go:1907.2,1907.16 1 0
djong-reader-engine/graph/resolvers/generated.go:1907.16,1910.3 2 0
djong-reader-engine/graph/resolvers/generated.go:1911.2,1911.19 1 0
djong-reader-engine/graph/resolvers/generated.go:1911.19,1913.3 1 0
djong-reader-engine/graph/resolvers/generated.go:1914.2,1916.124 3 0
djong-reader-engine/graph/resolvers/generated.go:1919.144,1925.97 1 0
djong-reader-engine/graph/resolvers/generated.go:1925.97,1926.22 1 0
djong-reader-engine/graph/resolvers/generated.go:1927.16,1928.51 1 0
djong-reader-engine/graph/resolvers/generated.go:1929.16,1930.51 1 0
djong-reader-engine/graph/resolvers/generated.go:1931.23,1932.58 1 0
djong-reader-engine/graph/resolvers/generated.go:1933.18,1934.53 1 0
djong-reader-engine/graph/resolvers/generated.go:1935.22,1936.57 1 0
djong-reader-engine/graph/resolvers/generated.go:1937.25,1938.60 1 0
djong-reader-engine/graph/resolvers/generated.go:1939.22,1940.57 1 0
djong-reader-engine/graph/resolvers/generated.go:1941.23,1942.58 1 0
djong-reader-engine/graph/resolvers/generated.go:1943.18,1944.53 1 0
djong-reader-engine/graph/resolvers/generated.go:1945.26,1946.61 1 0
djong-reader-engine/graph/resolvers/generated.go:1947.19,1948.54 1 0
djong-reader-engine/graph/resolvers/generated.go:1950.4,1950.87 1 0
djong-reader-engine/graph/resolvers/generated.go:1953.2,1953.15 1 0
djong-reader-engine/graph/resolvers/generated.go:1953.15,1954.31 1 0
djong-reader-engine/graph/resolvers/generated.go:1954.31,1957.4 2 0
djong-reader-engine/graph/resolvers/generated.go:1959.2,1960.97 2 0
djong-reader-engine/graph/resolvers/generated.go:1960.97,1963.3 2 0
djong-reader-engine/graph/resolvers/generated.go:1964.2,1964.16 1 0
djong-reader-engine/graph/resolvers/generated.go:1967.120,1969.16 2 0
djong-reader-engine/graph/resolvers/generated.go:1969.16,1971.3 1 0
djong-reader-engine/graph/resolvers/generated.go:1972.2,1973.15 2 0
djong-reader-engine/graph/resolvers/generated.go:1973.15,1974.31 1 0
djong-reader-engine/graph/resolvers/generated.go:1974.31,1977.4 2 0
djong-reader-engine/graph/resolvers/generated.go:1979.2,1979.84 1 0
djong-reader-engine/graph/resolvers/generated.go:1979.84,1982.3 2 0
djong-reader-engine/graph/resolvers/generated.go:1983.2,1983.16 1 0
djong-reader-engine/graph/resolvers/generated.go:1983.16,1986.3 2 0
djong-reader-engine/graph/resolvers/generated.go:1987.2,1987.19 1 0
djong-reader-engine/graph/resolvers/generated.go:1987.19,1989.3 1 0
djong-reader-engine/graph/resolvers/generated.go:1990.2,1992.128 3 0
djong-reader-engine/graph/resolvers/generated.go:1995.144,2001.97 1 0
djong-reader-engine/graph/resolvers/generated.go:2001.97,2002.22 1 0
djong-reader-engine/graph/resolvers/generated.go:2003.23,2004.60 1 0
djong-reader-engine/graph/resolvers/generated.go:2005.17,2006.54 1 0
djong-reader-engine/graph/resolvers/generated.go:2007.21,2008.58 1 0
djong-reader-engine/graph/resolvers/generated.go:2009.24,2010.61 1 0
djong-reader-engine/graph/resolvers/generated.go:2011.28,2012.65 1 0
djong-reader-engine/graph/resolvers/generated.go:2013.22,2014.59 1 0
djong-reader-engine/graph/resolvers/generated.go:2016.4,2016.89 1 0
djong-reader-engine/graph/resolvers/generated.go:2019.2,2019.16 1 0
djong-reader-engine/graph/resolvers/generated.go:2022.148,2024.16 2 0
djong-reader-engine/graph/resolvers/generated.go:2024.16,2026.3 1 0
djong-reader-engine/graph/resolvers/generated.go:2027.2,2028.15 2 0
djong-reader-engine/graph/resolvers/generated.go:2028.15,2029.31 1 0
djong-reader-engine/graph/resolvers/generated.go:2029.31,2032.4 2 0
djong-reader-engine/graph/resolvers/generated.go:2034.2,2034.84 1 0
djong-reader-engine/graph/resolvers/generated.go:2034.84,2037.3 2 0
djong-reader-engine/graph/resolvers/generated.go:2038.2,2038.16 1 0
djong-reader-engine/graph/resolvers/generated.go:2038.16,2041.3 2 0
djong-reader-engine/graph/resolvers/generated.go:2042.2,2042.19 1 0
djong-reader-engine/graph/resolvers/generated.go:2042.19,2043.38 1 0
djong-reader-engine/graph/resolvers/generated.go:2043.38,2045.4 1 0
djong-reader-engine/graph/resolvers/generated.go:2046.3,2046.22 1 0
djong-reader-engine/graph/resolvers/generated.go:2048.2,2050.57 3 0
djong-reader-engine/graph/resolvers/generated.go:2053.146,2059.97 1 0
djong-reader-engine/graph/resolvers/generated.go:2059.97,2061.4 1 0
djong-reader-engine/graph/resolvers/generated.go:2063.2,2063.16 1 0
djong-reader-engine/graph/resolvers/generated.go:2066.151,2068.16 2 0
djong-reader-engine/graph/resolvers/generated.go:2068.16,2070.3 1 0
djong-reader-engine/graph/resolvers/generated.go:2071.2,2072.15 2 0
djong-reader-engine/graph/resolvers/generated.go:2072.15,2073.31 1 0
djong-reader-engine/graph/resolvers/generated.go:2073.31,2076.4 2 0
djong-reader-engine/graph/resolvers/generated.go:2078.2,2078.84 1 0
djong-reader-engine/graph/resolvers/generated.go:2078.84,2081.3 2 0
djong-reader-engine/graph/resolvers/generated.go:2082.2,2082.16 1 0
djong-reader-engine/graph/resolvers/generated.go:2082.16,2085.3 2 0
djong-reader-engine/graph/resolvers/generated.go:2086.2,2086.19 1 0
djong-reader-engine/graph/resolvers/generated.go:2086.19,2088.3 1 0
djong-reader-engine/graph/resolvers/generated.go:2089.2,2091.64 3 0
djong-reader-engine/graph/resolvers/generated.go:2094.149,2100.97 1 0
djong-reader-engine/graph/resolvers/generated.go:2100.97,2102.4 1 0
djong-reader-engine/graph/resolvers/generated.go:2104.2,2104.16 1 0
djong-reader-engine/graph/resolvers/generated.go:2107.164,2109.16 2 0
djong-reader-engine/graph/resolvers/generated.go:2109.16,2111.3 1 0
djong-reader-engine/graph/resolvers/generated.go:2112.2,2113.15 2 0
djong-reader-engine/graph/resolvers/generated.go:2113.15,2114.31 1 0
djong-reader-engine/graph/resolvers/generated.go:2114.31,2117.4 2 0
djong-reader-engine/graph/resolvers/generated.go:2119.2,2119.84 1 0
djong-reader-engine/graph/resolvers/generated.go:2119.84,2122.3 2 0
djong-reader-engine/graph/resolvers/generated.go:2123.2,2123.16 1 0
djong-reader-engine/graph/resolvers/generated.go:2123.16,2126.3 2 0
djong-reader-engine/graph/resolvers/generated.go:2127.2,2127.19 1 0
djong-reader-engine/graph/resolvers/generated.go:2127.19,2129.3 1 0
djong-reader-engine/graph/resolvers/generated.go:2130.2,2132.67 3 0
djong-reader-engine/graph/resolvers/generated.go:2135.162,2141.97 1 0
djong-reader-engine/graph/resolvers/generated.go:2141.97,2143.4 1 0
djong-reader-engine/graph/resolvers/generated.go:2145.2,2145.16 1 0
djong-reader-engine/graph/resolvers/generated.go:2148.153,2150.16 2 0
djong-reader-engine/graph/resolvers/generated.go:2150.16,2152.3 1 0
djong-reader-engine/graph/resolvers/generated.go:2153.2,2154.15 2 0
djong-reader-engine/graph/resolvers/generated.go:2154.15,2155.31 1 0
djong-reader-engine/graph/resolvers/generated.go:2155.31,2158.4 2 0
djong-reader-engine/graph/resolvers/generated.go:2160.2,2160.84 1 0
djong-reader-engine/graph/resolvers/generated.go:2160.84,2163.3 2 0
djong-reader-engine/graph/resolvers/generated.go:2164.2,2164.16 1 0
djong-reader-engine/graph/resolvers/generated.go:2164.16,2167.3 2 0
djong-reader-engine/graph/resolvers/generated.go:2168.2,2168.19 1 0
djong-reader-engine/graph/resolvers/generated.go:2168.19,2170.3 1 0
djong-reader-engine/graph/resolvers/generated.go:2171.2,2173.64 3 0
djong-reader-engine/graph/resolvers/generated.go:2176.151,2182.97 1 0
djong-reader-engine/graph/resolvers/generated.go:2182.97,2184.4 1 0
djong-reader-engine/graph/resolvers/generated.go:2186.2,2186.16 1 0
djong-reader-engine/graph/resolvers/generated.go:2189.153,2191.16 2 0
djong-reader-engine/graph/resolvers/generated.go:2191.16,2193.3 1 0
djong-reader-engine/graph/resolvers/generated.go:2194.2,2195.15 2 0
djong-reader-engine/graph/resolvers/generated.go:2195.15,2196.31 1 0
djong-reader-engine/graph/resolvers/generated.go:2196.31,2199.4 2 0
djong-reader-engine/graph/resolvers/generated.go:2201.2,2201.84 1 0
djong-reader-engine/graph/resolvers/generated.go:2201.84,2204.3 2 0
djong-reader-engine/graph/resolvers/generated.go:2205.2,2205.16 1 0
djong-reader-engine/graph/resolvers/generated.go:2205.16,2208.3 2 0
djong-reader-engine/graph/resolvers/generated.go:2209.2,2209.19 1 0
djong-reader-engine/graph/resolvers/generated.go:2209.19,2211.3 1 0
djong-reader-engine/graph/resolvers/generated.go:2212.2,2214.64 3 0
djong-reader-engine/graph/resolvers/generated.go:2217.151,2223.97 1 0
djong-reader-engine/graph/resolvers/generated.go:2223.97,2225.4 1 0
djong-reader-engine/graph/resolvers/generated.go:2227.2,2227.16 1 0
djong-reader-engine/graph/resolvers/generated.go:2230.155,2232.16 2 0
djong-reader-engine/graph/resolvers/generated.go:2232.16,2234.3 1 0
djong-reader-engine/graph/resolvers/generated.go:2235.2,2236.15 2 0
djong-reader-engine/graph/resolvers/generated.go:2236.15,2237.31 1 0
djong-reader-engine/graph/resolvers/generated.go:2237.31,2240.4 2 0
djong-reader-engine/graph/resolvers/generated.go:2242.2,2242.84 1 0
djong-reader-engine/graph/resolvers/generated.go:2242.84,2245.3 2 0
djong-reader-engine/graph/resolvers/generated.go:2246.2,2246.16 1 0
djong-reader-engine/graph/resolvers/generated.go:2246.16,2249.3 2 0
djong-reader-engine/graph/resolvers/generated.go:2250.2,2250.19 1 0
djong-reader-engine/graph/resolvers/generated.go:2250.19,2251.38 1 0
djong-reader-engine/graph/resolvers/generated.go:2251.38,2253.4 1 0
djong-reader-engine/graph/resolvers/generated.go:2254.3,2254.22 1 0
djong-reader-engine/graph/resolvers/generated.go:2256.2,2258.64 3 0
djong-reader-engine/graph/resolvers/generated.go:2261.153,2267.97 1 0
djong-reader-engine/graph/resolvers/generated.go:2267.97,2269.4 1 0
djong-reader-engine/graph/resolvers/generated.go:2271.2,2271.16 1 0
djong-reader-engine/graph/resolvers/generated.go:2274.155,2276.16 2 0
djong-reader-engine/graph/resolvers/generated.go:2276.16,2278.3 1 0
djong-reader-engine/graph/resolvers/generated.go:2279.2,2280.15 2 0
djong-reader-engine/graph/resolvers/generated.go:2280.15,2281.31 1 0
djong-reader-engine/graph/resolvers/generated.go:2281.31,2284.4 2 0
djong-reader-engine/graph/resolvers/generated.go:2286.2,2286.84 1 0
djong-reader-engine/graph/resolvers/generated.go:2286.84,2289.3 2 0
djong-reader-engine/graph/resolvers/generated.go:2290.2,2290.16 1 0
djong-reader-engine/graph/resolvers/generated.go:2290.16,2293.3 2 0
djong-reader-engine/graph/resolvers/generated.go:2294.2,2294.19 1 0
djong-reader-engine/graph/resolvers/generated.go:2294.19,2296.3 1 0
djong-reader-engine/graph/resolvers/generated.go:2297.2,2299.64 3 0
djong-reader-engine/graph/resolvers/generated.go:2302.153,2308.97 1 0
djong-reader-engine/graph/resolvers/generated.go:2308.97,2310.4 1 0
djong-reader-engine/graph/resolvers/generated.go:2312.2,2312.16 1 0
djong-reader-engine/graph/resolvers/generated.go:2315.155,2317.16 2 0
djong-reader-engine/graph/resolvers/generated.go:2317.16,2319.3 1 0
djong-reader-engine/graph/resolvers/generated.go:2320.2,2321.15 2 0
djong-reader-engine/graph/resolvers/generated.go:2321.15,2322.31 1 0
djong-reader-engine/graph/resolvers/generated.go:2322.31,2325.4 2 0
djong-reader-engine/graph/resolvers/generated.go:2327.2,2327.84 1 0
djong-reader-engine/graph/resolvers/generated.go:2327.84,2330.3 2 0
djong-reader-engine/graph/resolvers/generated.go:2331.2,2331.16 1 0
djong-reader-engine/graph/resolvers/generated.go:2331.16,2334.3 2 0
djong-reader-engine/graph/resolvers/generated.go:2335.2,2335.19 1 0
djong-reader-engine/graph/resolvers/generated.go:2335.19,2337.3 1 0
djong-reader-engine/graph/resolvers/generated.go:2338.2,2340.67 3 0
djong-reader-engine/graph/resolvers/generated.go:2343.153,2349.97 1 0
djong-reader-engine/graph/resolvers/generated.go:2349.97,2351.4 1 0
djong-reader-engine/graph/resolvers/generated.go:2353.2,2353.16 1 0
djong-reader-engine/graph/resolvers/generated.go:2356.155,2358.16 2 0
djong-reader-engine/graph/resolvers/generated.go:2358.16,2360.3 1 0
djong-reader-engine/graph/resolvers/generated.go:2361.2,2362.15 2 0
djong-reader-engine/graph/resolvers/generated.go:2362.15,2363.31 1 0
djong-reader-engine/graph/resolvers/generated.go:2363.31,2366.4 2 0
djong-reader-engine/graph/resolvers/generated.go:2368.2,2368.84 1 0
djong-reader-engine/graph/resolvers/generated.go:2368.84,2371.3 2 0
djong-reader-engine/graph/resolvers/generated.go:2372.2,2372.16 1 0
djong-reader-engine/graph/resolvers/generated.go:2372.16,2375.3 2 0
djong-reader-engine/graph/resolvers/generated.go:2376.2,2376.19 1 0
djong-reader-engine/graph/resolvers/generated.go:2376.19,2378.3 1 0
djong-reader-engine/graph/resolvers/generated.go:2379.2,2381.64 3 0
djong-reader-engine/graph/resolvers/generated.go:2384.153,2390.97 1 0
djong-reader-engine/graph/resolvers/generated.go:2390.97,2392.4 1 0
djong-reader-engine/graph/resolvers/generated.go:2394.2,2394.16 1 0
djong-reader-engine/graph/resolvers/generated.go:2397.154,2399.16 2 0
djong-reader-engine/graph/resolvers/generated.go:2399.16,2401.3 1 0
djong-reader-engine/graph/resolvers/generated.go:2402.2,2403.15 2 0
djong-reader-engine/graph/resolvers/generated.go:2403.15,2404.31 1 0
djong-reader-engine/graph/resolvers/generated.go:2404.31,2407.4 2 0
djong-reader-engine/graph/resolvers/generated.go:2409.2,2409.84 1 0
djong-reader-engine/graph/resolvers/generated.go:2409.84,2412.3 2 0
djong-reader-engine/graph/resolvers/generated.go:2413.2,2413.16 1 0
djong-reader-engine/graph/resolvers/generated.go:2413.16,2416.3 2 0
djong-reader-engine/graph/resolvers/generated.go:2417.2,2417.19 1 0
djong-reader-engine/graph/resolvers/generated.go:2417.19,2418.38 1 0
djong-reader-engine/graph/resolvers/generated.go:2418.38,2420.4 1 0
djong-reader-engine/graph/resolvers/generated.go:2421.3,2421.22 1 0
djong-reader-engine/graph/resolvers/generated.go:2423.2,2425.60 3 0
djong-reader-engine/graph/resolvers/generated.go:2428.152,2434.97 1 0
djong-reader-engine/graph/resolvers/generated.go:2434.97,2436.4 1 0
djong-reader-engine/graph/resolvers/generated.go:2438.2,2438.16 1 0
djong-reader-engine/graph/resolvers/generated.go:2441.171,2443.16 2 0
djong-reader-engine/graph/resolvers/generated.go:2443.16,2445.3 1 0
djong-reader-engine/graph/resolvers/generated.go:2446.2,2447.15 2 0
djong-reader-engine/graph/resolvers/generated.go:2447.15,2448.31 1 0
djong-reader-engine/graph/resolvers/generated.go:2448.31,2451.4 2 0
djong-reader-engine/graph/resolvers/generated.go:2453.2,2453.84 1 0
djong-reader-engine/graph/resolvers/generated.go:2453.84,2456.3 2 0
djong-reader-engine/graph/resolvers/generated.go:2457.2,2457.16 1 0
djong-reader-engine/graph/resolvers/generated.go:2457.16,2460.3 2 0
djong-reader-engine/graph/resolvers/generated.go:2461.2,2461.19 1 0
djong-reader-engine/graph/resolvers/generated.go:2461.19,2463.3 1 0
djong-reader-engine/graph/resolvers/generated.go:2464.2,2466.134 3 0
djong-reader-engine/graph/resolvers/generated.go:2469.159,2475.97 1 0
djong-reader-engine/graph/resolvers/generated.go:2475.97,2476.22 1 0
djong-reader-engine/graph/resolvers/generated.go:2477.18,2478.64 1 0
djong-reader-engine/graph/resolvers/generated.go:2479.16,2480.62 1 0
djong-reader-engine/graph/resolvers/generated.go:2482.4,2482.98 1 0
djong-reader-engine/graph/resolvers/generated.go:2485.2,2485.16 1 0
djong-reader-engine/graph/resolvers/generated.go:2488.174,2490.16 2 0
djong-reader-engine/graph/resolvers/generated.go:2490.16,2492.3 1 0
djong-reader-engine/graph/resolvers/generated.go:2493.2,2494.15 2 0
djong-reader-engine/graph/resolvers/generated.go:2494.15,2495.31 1 0
djong-reader-engine/graph/resolvers/generated.go:2495.31,2498.4 2 0
djong-reader-engine/graph/resolvers/generated.go:2500.2,2500.84 1 0
djong-reader-engine/graph/resolvers/generated.go:2500.84,2503.3 2 0
djong-reader-engine/graph/resolvers/generated.go:2504.2,2504.16 1 0
djong-reader-engine/graph/resolvers/generated.go:2504.16,2507.3 2 0
djong-reader-engine/graph/resolvers/generated.go:2508.2,2508.19 1 0
djong-reader-engine/graph/resolvers/generated.go:2508.19,2510.3 1 0
djong-reader-engine/graph/resolvers/generated.go:2511.2,2513.110 3 0
djong-reader-engine/graph/resolvers/generated.go:2516.162,2522.97 1 0
djong-reader-engine/graph/resolvers/generated.go:2522.97,2523.22 1 0
djong-reader-engine/graph/resolvers/generated.go:2524.21,2525.58 1 0
djong-reader-engine/graph/resolvers/generated.go:2526.23,2527.60 1 0
djong-reader-engine/graph/resolvers/generated.go:2529.4,2529.89 1 0
djong-reader-engine/graph/resolvers/generated.go:2532.2,2532.16 1 0
djong-reader-engine/graph/resolvers/generated.go:2535.160,2537.16 2 0
djong-reader-engine/graph/resolvers/generated.go:2537.16,2539.3 1 0
djong-reader-engine/graph/resolvers/generated.go:2540.2,2541.15 2 0
djong-reader-engine/graph/resolvers/generated.go:2541.15,2542.31 1 0
djong-reader-engine/graph/resolvers/generated.go:2542.31,2545.4 2 0
djong-reader-engine/graph/resolvers/generated.go:2547.2,2547.84 1 0
djong-reader-engine/graph/resolvers/generated.go:2547.84,2550.3 2 0
djong-reader-engine/graph/resolvers/generated.go:2551.2,2551.16 1 0
djong-reader-engine/graph/resolvers/generated.go:2551.16,2554.3 2 0
djong-reader-engine/graph/resolvers/generated.go:2555.2,2555.19 1 0
djong-reader-engine/graph/resolvers/generated.go:2555.19,2556.38 1 0
djong-reader-engine/graph/resolvers/generated.go:2556.38,2558.4 1 0
djong-reader-engine/graph/resolvers/generated.go:2559.3,2559.22 1 0
djong-reader-engine/graph/resolvers/generated.go:2561.2,2563.61 3 0
djong-reader-engine/graph/resolvers/generated.go:2566.154,2572.97 1 0
djong-reader-engine/graph/resolvers/generated.go:2572.97,2574.4 1 0
djong-reader-engine/graph/resolvers/generated.go:2576.2,2576.16 1 0
djong-reader-engine/graph/resolvers/generated.go:2579.158,2581.16 2 0
djong-reader-engine/graph/resolvers/generated.go:2581.16,2583.3 1 0
djong-reader-engine/graph/resolvers/generated.go:2584.2,2585.15 2 0
djong-reader-engine/graph/resolvers/generated.go:2585.15,2586.31 1 0
djong-reader-engine/graph/resolvers/generated.go:2586.31,2589.4 2 0
djong-reader-engine/graph/resolvers/generated.go:2591.2,2591.84 1 0
djong-reader-engine/graph/resolvers/generated.go:2591.84,2594.3 2 0
djong-reader-engine/graph/resolvers/generated.go:2595.2,2595.16 1 0
djong-reader-engine/graph/resolvers/generated.go:2595.16,2598.3 2 0
djong-reader-engine/graph/resolvers/generated.go:2599.2,2599.19 1 0
djong-reader-engine/graph/resolvers/generated.go:2599.19,2600.38 1 0
djong-reader-engine/graph/resolvers/generated.go:2600.38,2602.4 1 0
djong-reader-engine/graph/resolvers/generated.go:2603.3,2603.22 1 0
djong-reader-engine/graph/resolvers/generated.go:2605.2,2607.120 3 0
djong-reader-engine/graph/resolvers/generated.go:2610.152,2616.97 1 0
djong-reader-engine/graph/resolvers/generated.go:2616.97,2617.22 1 0
djong-reader-engine/graph/resolvers/generated.go:2618.14,2619.56 1 0
djong-reader-engine/graph/resolvers/generated.go:2620.17,2621.59 1 0
djong-reader-engine/graph/resolvers/generated.go:2622.30,2623.72 1 0
djong-reader-engine/graph/resolvers/generated.go:2624.19,2625.61 1 0
djong-reader-engine/graph/resolvers/generated.go:2626.19,2627.61 1 0
djong-reader-engine/graph/resolvers/generated.go:2628.21,2629.63 1 0
djong-reader-engine/graph/resolvers/generated.go:2630.21,2631.63 1 0
djong-reader-engine/graph/resolvers/generated.go:2632.21,2633.63 1 0
djong-reader-engine/graph/resolvers/generated.go:2634.21,2635.63 1 0
djong-reader-engine/graph/resolvers/generated.go:2636.20,2637.62 1 0
djong-reader-engine/graph/resolvers/generated.go:2639.4,2639.94 1 0
djong-reader-engine/graph/resolvers/generated.go:2642.2,2642.16 1 0
djong-reader-engine/graph/resolvers/generated.go:2645.152,2647.16 2 0
djong-reader-engine/graph/resolvers/generated.go:2647.16,2649.3 1 0
djong-reader-engine/graph/resolvers/generated.go:2650.2,2651.15 2 0
djong-reader-engine/graph/resolvers/generated.go:2651.15,2652.31 1 0
djong-reader-engine/graph/resolvers/generated.go:2652.31,2655.4 2 0
djong-reader-engine/graph/resolvers/generated.go:2657.2,2657.84 1 0
djong-reader-engine/graph/resolvers/generated.go:2657.84,2660.3 2 0
djong-reader-engine/graph/resolvers/generated.go:2661.2,2661.16 1 0
djong-reader-engine/graph/resolvers/generated.go:2661.16,2664.3 2 0
djong-reader-engine/graph/resolvers/generated.go:2665.2,2665.19 1 0
djong-reader-engine/graph/resolvers/generated.go:2665.19,2666.38 1 0
djong-reader-engine/graph/resolvers/generated.go:2666.38,2668.4 1 0
djong-reader-engine/graph/resolvers/generated.go:2669.3,2669.22 1 0
djong-reader-engine/graph/resolvers/generated.go:2671.2,2673.61 3 0
djong-reader-engine/graph/resolvers/generated.go:2676.146,2682.97 1 0
djong-reader-engine/graph/resolvers/generated.go:2682.97,2684.4 1 0
djong-reader-engine/graph/resolvers/generated.go:2686.2,2686.16 1 0
djong-reader-engine/graph/resolvers/generated.go:2689.159,2691.16 2 0
djong-reader-engine/graph/resolvers/generated.go:2691.16,2693.3 1 0
djong-reader-engine/graph/resolvers/generated.go:2694.2,2695.15 2 0
djong-reader-engine/graph/resolvers/generated.go:2695.15,2696.31 1 0
djong-reader-engine/graph/resolvers/generated.go:2696.31,2699.4 2 0
djong-reader-engine/graph/resolvers/generated.go:2701.2,2701.84 1 0
djong-reader-engine/graph/resolvers/generated.go:2701.84,2704.3 2 0
djong-reader-engine/graph/resolvers/generated.go:2705.2,2705.16 1 0
djong-reader-engine/graph/resolvers/generated.go:2705.16,2708.3 2 0
djong-reader-engine/graph/resolvers/generated.go:2709.2,2709.19 1 0
djong-reader-engine/graph/resolvers/generated.go:2709.19,2711.3 1 0
djong-reader-engine/graph/resolvers/generated.go:2712.2,2714.64 3 0
djong-reader-engine/graph/resolvers/generated.go:2717.153,2723.97 1 0
djong-reader-engine/graph/resolvers/generated.go:2723.97,2725.4 1 0
djong-reader-engine/graph/resolvers/generated.go:2727.2,2727.16 1 0
djong-reader-engine/graph/resolvers/generated.go:2730.157,2732.16 2 0
djong-reader-engine/graph/resolvers/generated.go:2732.16,2734.3 1 0
djong-reader-engine/graph/resolvers/generated.go:2735.2,2736.15 2 0
djong-reader-engine/graph/resolvers/generated.go:2736.15,2737.31 1 0
djong-reader-engine/graph/resolvers/generated.go:2737.31,2740.4 2 0
djong-reader-engine/graph/resolvers/generated.go:2742.2,2742.84 1 0
djong-reader-engine/graph/resolvers/generated.go:2742.84,2745.3 2 0
djong-reader-engine/graph/resolvers/generated.go:2746.2,2746.16 1 0
djong-reader-engine/graph/resolvers/generated.go:2746.16,2749.3 2 0
djong-reader-engine/graph/resolvers/generated.go:2750.2,2750.19 1 0
djong-reader-engine/graph/resolvers/generated.go:2750.19,2751.38 1 0
djong-reader-engine/graph/resolvers/generated.go:2751.38,2753.4 1 0
djong-reader-engine/graph/resolvers/generated.go:2754.3,2754.22 1 0
djong-reader-engine/graph/resolvers/generated.go:2756.2,2758.80 3 0
djong-reader-engine/graph/resolvers/generated.go:2761.151,2767.97 1 0
djong-reader-engine/graph/resolvers/generated.go:2767.97,2769.4 1 0
djong-reader-engine/graph/resolvers/generated.go:2771.2,2771.16 1 0
djong-reader-engine/graph/resolvers/generated.go:2774.152,2776.16 2 0
djong-reader-engine/graph/resolvers/generated.go:2776.16,2778.3 1 0
djong-reader-engine/graph/resolvers/generated.go:2779.2,2780.15 2 0
djong-reader-engine/graph/resolvers/generated.go:2780.15,2781.31 1 0
djong-reader-engine/graph/resolvers/generated.go:2781.31,2784.4 2 0
djong-reader-engine/graph/resolvers/generated.go:2786.2,2786.84 1 0
djong-reader-engine/graph/resolvers/generated.go:2786.84,2789.3 2 0
djong-reader-engine/graph/resolvers/generated.go:2790.2,2790.16 1 0
djong-reader-engine/graph/resolvers/generated.go:2790.16,2793.3 2 0
djong-reader-engine/graph/resolvers/generated.go:2794.2,2794.19 1 0
djong-reader-engine/graph/resolvers/generated.go:2794.19,2795.38 1 0
djong-reader-engine/graph/resolvers/generated.go:2795.38,2797.4 1 0
djong-reader-engine/graph/resolvers/generated.go:2798.3,2798.22 1 0
djong-reader-engine/graph/resolvers/generated.go:2800.2,2802.139 3 0
djong-reader-engine/graph/resolvers/generated.go:2805.148,2811.97 1 0
djong-reader-engine/graph/resolvers/generated.go:2811.97,2812.22 1 0
djong-reader-engine/graph/resolvers/generated.go:2813.16,2814.57 1 0
djong-reader-engine/graph/resolvers/generated.go:2815.23,2816.64 1 0
djong-reader-engine/graph/resolvers/generated.go:2817.16,2818.57 1 0
djong-reader-engine/graph/resolvers/generated.go:2819.24,2820.65 1 0
djong-reader-engine/graph/resolvers/generated.go:2821.24,2822.65 1 0
djong-reader-engine/graph/resolvers/generated.go:2823.29,2824.70 1 0
djong-reader-engine/graph/resolvers/generated.go:2826.4,2826.93 1 0
djong-reader-engine/graph/resolvers/generated.go:2829.2,2829.15 1 0
djong-reader-engine/graph/resolvers/generated.go:2829.15,2830.31 1 0
djong-reader-engine/graph/resolvers/generated.go:2830.31,2833.4 2 0
djong-reader-engine/graph/resolvers/generated.go:2835.2,2836.101 2 0
djong-reader-engine/graph/resolvers/generated.go:2836.101,2839.3 2 0
djong-reader-engine/graph/resolvers/generated.go:2840.2,2840.16 1 0
djong-reader-engine/graph/resolvers/generated.go:2843.160,2845.16 2 0
djong-reader-engine/graph/resolvers/generated.go:2845.16,2847.3 1 0
djong-reader-engine/graph/resolvers/generated.go:2848.2,2849.15 2 0
djong-reader-engine/graph/resolvers/generated.go:2849.15,2850.31 1 0
djong-reader-engine/graph/resolvers/generated.go:2850.31,2853.4 2 0
djong-reader-engine/graph/resolvers/generated.go:2855.2,2855.84 1 0
djong-reader-engine/graph/resolvers/generated.go:2855.84,2858.3 2 0
djong-reader-engine/graph/resolvers/generated.go:2859.2,2859.16 1 0
djong-reader-engine/graph/resolvers/generated.go:2859.16,2862.3 2 0
djong-reader-engine/graph/resolvers/generated.go:2863.2,2863.19 1 0
djong-reader-engine/graph/resolvers/generated.go:2863.19,2864.38 1 0
djong-reader-engine/graph/resolvers/generated.go:2864.38,2866.4 1 0
djong-reader-engine/graph/resolvers/generated.go:2867.3,2867.22 1 0
djong-reader-engine/graph/resolvers/generated.go:2869.2,2871.60 3 0
djong-reader-engine/graph/resolvers/generated.go:2874.154,2880.97 1 0
djong-reader-engine/graph/resolvers/generated.go:2880.97,2882.4 1 0
djong-reader-engine/graph/resolvers/generated.go:2884.2,2884.16 1 0
djong-reader-engine/graph/resolvers/generated.go:2887.152,2889.16 2 0
djong-reader-engine/graph/resolvers/generated.go:2889.16,2891.3 1 0
djong-reader-engine/graph/resolvers/generated.go:2892.2,2893.15 2 0
djong-reader-engine/graph/resolvers/generated.go:2893.15,2894.31 1 0
djong-reader-engine/graph/resolvers/generated.go:2894.31,2897.4 2 0
djong-reader-engine/graph/resolvers/generated.go:2899.2,2899.84 1 0
djong-reader-engine/graph/resolvers/generated.go:2899.84,2902.3 2 0
djong-reader-engine/graph/resolvers/generated.go:2903.2,2903.16 1 0
djong-reader-engine/graph/resolvers/generated.go:2903.16,2906.3 2 0
djong-reader-engine/graph/resolvers/generated.go:2907.2,2907.19 1 0
djong-reader-engine/graph/resolvers/generated.go:2907.19,2908.38 1 0
djong-reader-engine/graph/resolvers/generated.go:2908.38,2910.4 1 0
djong-reader-engine/graph/resolvers/generated.go:2911.3,2911.22 1 0
djong-reader-engine/graph/resolvers/generated.go:2913.2,2915.61 3 0
djong-reader-engine/graph/resolvers/generated.go:2918.146,2924.97 1 0
djong-reader-engine/graph/resolvers/generated.go:2924.97,2926.4 1 0
djong-reader-engine/graph/resolvers/generated.go:2928.2,2928.16 1 0
djong-reader-engine/graph/resolvers/generated.go:2931.159,2933.16 2 0
djong-reader-engine/graph/resolvers/generated.go:2933.16,2935.3 1 0
djong-reader-engine/graph/resolvers/generated.go:2936.2,2937.15 2 0
djong-reader-engine/graph/resolvers/generated.go:2937.15,2938.31 1 0
djong-reader-engine/graph/resolvers/generated.go:2938.31,2941.4 2 0
djong-reader-engine/graph/resolvers/generated.go:2943.2,2943.84 1 0
djong-reader-engine/graph/resolvers/generated.go:2943.84,2946.3 2 0
djong-reader-engine/graph/resolvers/generated.go:2947.2,2947.16 1 0
djong-reader-engine/graph/resolvers/generated.go:2947.16,2950.3 2 0
djong-reader-engine/graph/resolvers/generated.go:2951.2,2951.19 1 0
djong-reader-engine/graph/resolvers/generated.go:2951.19,2953.3 1 0
djong-reader-engine/graph/resolvers/generated.go:2954.2,2956.64 3 0
djong-reader-engine/graph/resolvers/generated.go:2959.153,2965.97 1 0
djong-reader-engine/graph/resolvers/generated.go:2965.97,2967.4 1 0
djong-reader-engine/graph/resolvers/generated.go:2969.2,2969.16 1 0
djong-reader-engine/graph/resolvers/generated.go:2972.160,2974.16 2 0
djong-reader-engine/graph/resolvers/generated.go:2974.16,2976.3 1 0
djong-reader-engine/graph/resolvers/generated.go:2977.2,2978.15 2 0
djong-reader-engine/graph/resolvers/generated.go:2978.15,2979.31 1 0
djong-reader-engine/graph/resolvers/generated.go:2979.31,2982.4 2 0
djong-reader-engine/graph/resolvers/generated.go:2984.2,2984.84 1 0
djong-reader-engine/graph/resolvers/generated.go:2984.84,2987.3 2 0
djong-reader-engine/graph/resolvers/generated.go:2988.2,2988.16 1 0
djong-reader-engine/graph/resolvers/generated.go:2988.16,2991.3 2 0
djong-reader-engine/graph/resolvers/generated.go:2992.2,2992.19 1 0
djong-reader-engine/graph/resolvers/generated.go:2992.19,2993.38 1 0
djong-reader-engine/graph/resolvers/generated.go:2993.38,2995.4 1 0
djong-reader-engine/graph/resolvers/generated.go:2996.3,2996.22 1 0
djong-reader-engine/graph/resolvers/generated.go:2998.2,3000.60 3 0
djong-reader-engine/graph/resolvers/generated.go:3003.154,3009.97 1 0
djong-reader-engine/graph/resolvers/generated.go:3009.97,3011.4 1 0
djong-reader-engine/graph/resolvers/generated.go:3013.2,3013.16 1 0
djong-reader-engine/graph/resolvers/generated.go:3016.165,3018.16 2 0
djong-reader-engine/graph/resolvers/generated.go:3018.16,3020.3 1 0
djong-reader-engine/graph/resolvers/generated.go:3021.2,3022.15 2 0
djong-reader-engine/graph/resolvers/generated.go:3022.15,3023.31 1 0
djong-reader-engine/graph/resolvers/generated.go:3023.31,3026.4 2 0
djong-reader-engine/graph/resolvers/generated.go:3028.2,3028.84 1 0
djong-reader-engine/graph/resolvers/generated.go:3028.84,3031.3 2 0
djong-reader-engine/graph/resolvers/generated.go:3032.2,3032.16 1 0
djong-reader-engine/graph/resolvers/generated.go:3032.16,3035.3 2 0
djong-reader-engine/graph/resolvers/generated.go:3036.2,3036.19 1 0
djong-reader-engine/graph/resolvers/generated.go:3036.19,3038.3 1 0
djong-reader-engine/graph/resolvers/generated.go:3039.2,3041.64 3 0
djong-reader-engine/graph/resolvers/generated.go:3044.159,3050.97 1 0
djong-reader-engine/graph/resolvers/generated.go:3050.97,3052.4 1 0
djong-reader-engine/graph/resolvers/generated.go:3054.2,3054.16 1 0
djong-reader-engine/graph/resolvers/generated.go:3057.144,3059.16 2 0
djong-reader-engine/graph/resolvers/generated.go:3059.16,3061.3 1 0
djong-reader-engine/graph/resolvers/generated.go:3062.2,3063.15 2 0
djong-reader-engine/graph/resolvers/generated.go:3063.15,3064.31 1 0
djong-reader-engine/graph/resolvers/generated.go:3064.31,3067.4 2 0
djong-reader-engine/graph/resolvers/generated.go:3069.2,3069.84 1 0
djong-reader-engine/graph/resolvers/generated.go:3069.84,3072.3 2 0
djong-reader-engine/graph/resolvers/generated.go:3073.2,3073.16 1 0
djong-reader-engine/graph/resolvers/generated.go:3073.16,3076.3 2 0
djong-reader-engine/graph/resolvers/generated.go:3077.2,3077.19 1 0
djong-reader-engine/graph/resolvers/generated.go:3077.19,3078.38 1 0
djong-reader-engine/graph/resolvers/generated.go:3078.38,3080.4 1 0
djong-reader-engine/graph/resolvers/generated.go:3081.3,3081.22 1 0
djong-reader-engine/graph/resolvers/generated.go:3083.2,3085.61 3 0
djong-reader-engine/graph/resolvers/generated.go:3088.142,3094.97 1 0
djong-reader-engine/graph/resolvers/generated.go:3094.97,3096.4 1 0
djong-reader-engine/graph/resolvers/generated.go:3098.2,3098.16 1 0
djong-reader-engine/graph/resolvers/generated.go:3101.151,3103.16 2 0
djong-reader-engine/graph/resolvers/generated.go:3103.16,3105.3 1 0
djong-reader-engine/graph/resolvers/generated.go:3106.2,3107.15 2 0
djong-reader-engine/graph/resolvers/generated.go:3107.15,3108.31 1 0
djong-reader-engine/graph/resolvers/generated.go:3108.31,3111.4 2 0
djong-reader-engine/graph/resolvers/generated.go:3113.2,3113.84 1 0
djong-reader-engine/graph/resolvers/generated.go:3113.84,3116.3 2 0
djong-reader-engine/graph/resolvers/generated.go:3117.2,3117.16 1 0
djong-reader-engine/graph/resolvers/generated.go:3117.16,3120.3 2 0
djong-reader-engine/graph/resolvers/generated.go:3121.2,3121.19 1 0
djong-reader-engine/graph/resolvers/generated.go:3121.19,3123.3 1 0
djong-reader-engine/graph/resolvers/generated.go:3124.2,3126.64 3 0
djong-reader-engine/graph/resolvers/generated.go:3129.149,3135.97 1 0
djong-reader-engine/graph/resolvers/generated.go:3135.97,3137.4 1 0
djong-reader-engine/graph/resolvers/generated.go:3139.2,3139.16 1 0
djong-reader-engine/graph/resolvers/generated.go:3142.144,3144.16 2 0
djong-reader-engine/graph/resolvers/generated.go:3144.16,3146.3 1 0
djong-reader-engine/graph/resolvers/generated.go:3147.2,3148.15 2 0
djong-reader-engine/graph/resolvers/generated.go:3148.15,3149.31 1 0
djong-reader-engine/graph/resolvers/generated.go:3149.31,3152.4 2 0
djong-reader-engine/graph/resolvers/generated.go:3154.2,3154.84 1 0
djong-reader-engine/graph/resolvers/generated.go:3154.84,3157.3 2 0
djong-reader-engine/graph/resolvers/generated.go:3158.2,3158.16 1 0
djong-reader-engine/graph/resolvers/generated.go:3158.16,3161.3 2 0
djong-reader-engine/graph/resolvers/generated.go:3162.2,3162.19 1 0
djong-reader-engine/graph/resolvers/generated.go:3162.19,3163.38 1 0
djong-reader-engine/graph/resolvers/generated.go:3163.38,3165.4 1 0
djong-reader-engine/graph/resolvers/generated.go:3166.3,3166.22 1 0
djong-reader-engine/graph/resolvers/generated.go:3168.2,3170.139 3 0
djong-reader-engine/graph/resolvers/generated.go:3173.144,3179.97 1 0
djong-reader-engine/graph/resolvers/generated.go:3179.97,3180.22 1 0
djong-reader-engine/graph/resolvers/generated.go:3181.16,3182.57 1 0
djong-reader-engine/graph/resolvers/generated.go:3183.23,3184.64 1 0
djong-reader-engine/graph/resolvers/generated.go:3185.16,3186.57 1 0
djong-reader-engine/graph/resolvers/generated.go:3187.24,3188.65 1 0
djong-reader-engine/graph/resolvers/generated.go:3189.24,3190.65 1 0
djong-reader-engine/graph/resolvers/generated.go:3191.29,3192.70 1 0
djong-reader-engine/graph/resolvers/generated.go:3194.4,3194.93 1 0
djong-reader-engine/graph/resolvers/generated.go:3197.2,3197.15 1 0
djong-reader-engine/graph/resolvers/generated.go:3197.15,3198.31 1 0
djong-reader-engine/graph/resolvers/generated.go:3198.31,3201.4 2 0
djong-reader-engine/graph/resolvers/generated.go:3203.2,3204.97 2 0
djong-reader-engine/graph/resolvers/generated.go:3204.97,3207.3 2 0
djong-reader-engine/graph/resolvers/generated.go:3208.2,3208.16 1 0
djong-reader-engine/graph/resolvers/generated.go:3211.144,3213.16 2 0
djong-reader-engine/graph/resolvers/generated.go:3213.16,3215.3 1 0
djong-reader-engine/graph/resolvers/generated.go:3216.2,3217.15 2 0
djong-reader-engine/graph/resolvers/generated.go:3217.15,3218.31 1 0
djong-reader-engine/graph/resolvers/generated.go:3218.31,3221.4 2 0
djong-reader-engine/graph/resolvers/generated.go:3223.2,3223.84 1 0
djong-reader-engine/graph/resolvers/generated.go:3223.84,3226.3 2 0
djong-reader-engine/graph/resolvers/generated.go:3227.2,3227.16 1 0
djong-reader-engine/graph/resolvers/generated.go:3227.16,3230.3 2 0
djong-reader-engine/graph/resolvers/generated.go:3231.2,3231.19 1 0
djong-reader-engine/graph/resolvers/generated.go:3231.19,3232.38 1 0
djong-reader-engine/graph/resolvers/generated.go:3232.38,3234.4 1 0
djong-reader-engine/graph/resolvers/generated.go:3235.3,3235.22 1 0
[...]
djong-reader-engine/graph/resolvers/generated.go:5731.9,5733.4 1 0
djong-reader-engine/graph/resolvers/generated.go:5736.2,5738.24 2 0
djong-reader-engine/graph/resolvers/generated.go:5738.24,5739.24 1 0
djong-reader-engine/graph/resolvers/generated.go:5739.24,5741.4 1 0
djong-reader-engine/graph/resolvers/generated.go:5744.2,5744.12 1 0
djong-reader-engine/graph/resolvers/generated.go:5747.209,5749.2 1 0
djong-reader-engine/graph/resolvers/generated.go:5751.197,5753.2 1 0
djong-reader-engine/graph/resolvers/generated.go:5755.212,5757.2 1 0
djong-reader-engine/graph/resolvers/generated.go:5759.220,5763.13 4 0
djong-reader-engine/graph/resolvers/generated.go:5763.13,5765.3 1 0
djong-reader-engine/graph/resolvers/generated.go:5766.2,5766.19 1 0
djong-reader-engine/graph/resolvers/generated.go:5766.19,5773.20 4 0
djong-reader-engine/graph/resolvers/generated.go:5773.20,5774.17 1 0
djong-reader-engine/graph/resolvers/generated.go:5774.17,5775.33 1 0
djong-reader-engine/graph/resolvers/generated.go:5775.33,5778.6 2 0
djong-reader-engine/graph/resolvers/generated.go:5780.4,5780.15 1 0
djong-reader-engine/graph/resolvers/generated.go:5780.15,5782.5 1 0
djong-reader-engine/graph/resolvers/generated.go:5783.4,5783.125 1 0
djong-reader-engine/graph/resolvers/generated.go:5785.3,5785.13 1 0
djong-reader-engine/graph/resolvers/generated.go:5785.13,5787.4 1 0
djong-reader-engine/graph/resolvers/generated.go:5787.9,5789.4 1 0
djong-reader-engine/graph/resolvers/generated.go:5792.2,5794.24 2 0
djong-reader-engine/graph/resolvers/generated.go:5794.24,5795.24 1 0
djong-reader-engine/graph/resolvers/generated.go:5795.24,5797.4 1 0
djong-reader-engine/graph/resolvers/generated.go:5800.2,5800.12 1 0
djong-reader-engine/graph/resolvers/generated.go:5803.194,5805.2 1 0
djong-reader-engine/graph/resolvers/generated.go:5807.202,5811.13 4 0
djong-reader-engine/graph/resolvers/generated.go:5811.13,5813.3 1 0
djong-reader-engine/graph/resolvers/generated.go:5814.2,5814.19 1 0
djong-reader-engine/graph/resolvers/generated.go:5814.19,5821.20 4 0
djong-reader-engine/graph/resolvers/generated.go:5821.20,5822.17 1 0
djong-reader-engine/graph/resolvers/generated.go:5822.17,5823.33 1 0
djong-reader-engine/graph/resolvers/generated.go:5823.33,5826.6 2 0
djong-reader-engine/graph/resolvers/generated.go:5828.4,5828.15 1 0
djong-reader-engine/graph/resolvers/generated.go:5828.15,5830.5 1 0
djong-reader-engine/graph/resolvers/generated.go:5831.4,5831.113 1 0
djong-reader-engine/graph/resolvers/generated.go:5833.3,5833.13 1 0
djong-reader-engine/graph/resolvers/generated.go:5833.13,5835.4 1 0
djong-reader-engine/graph/resolvers/generated.go:5835.9,5837.4 1 0
djong-reader-engine/graph/resolvers/generated.go:5840.2,5842.24 2 0
djong-reader-engine/graph/resolvers/generated.go:5842.24,5843.24 1 0
djong-reader-engine/graph/resolvers/generated.go:5843.24,5845.4 1 0
djong-reader-engine/graph/resolvers/generated.go:5848.2,5848.12 1 0
djong-reader-engine/graph/resolvers/generated.go:5851.198,5852.14 1 0
djong-reader-engine/graph/resolvers/generated.go:5852.14,5853.64 1 0
djong-reader-engine/graph/resolvers/generated.go:5853.64,5855.4 1 0
djong-reader-engine/graph/resolvers/generated.go:5856.3,5856.22 1 0
djong-reader-engine/graph/resolvers/generated.go:5858.2,5858.32 1 0
djong-reader-engine/graph/resolvers/generated.go:5861.101,5864.2 2 0
djong-reader-engine/graph/resolvers/generated.go:5866.126,5868.25 2 0
djong-reader-engine/graph/resolvers/generated.go:5868.25,5869.64 1 0
djong-reader-engine/graph/resolvers/generated.go:5869.64,5871.4 1 0
djong-reader-engine/graph/resolvers/generated.go:5873.2,5873.12 1 0
djong-reader-engine/graph/resolvers/generated.go:5876.94,5879.2 2 0
djong-reader-engine/graph/resolvers/generated.go:5881.119,5884.2 2 0
djong-reader-engine/graph/resolvers/generated.go:5886.98,5887.14 1 0
djong-reader-engine/graph/resolvers/generated.go:5887.14,5889.3 1 0
djong-reader-engine/graph/resolvers/generated.go:5890.2,5891.44 2 0
djong-reader-engine/graph/resolvers/generated.go:5894.123,5895.14 1 0
djong-reader-engine/graph/resolvers/generated.go:5895.14,5897.3 1 0
djong-reader-engine/graph/resolvers/generated.go:5898.2,5899.12 2 0
djong-reader-engine/graph/resolvers/generated.go:5902.96,5903.14 1 0
djong-reader-engine/graph/resolvers/generated.go:5903.14,5905.3 1 0
djong-reader-engine/graph/resolvers/generated.go:5906.2,5907.44 2 0
djong-reader-engine/graph/resolvers/generated.go:5910.121,5911.14 1 0
djong-reader-engine/graph/resolvers/generated.go:5911.14,5913.3 1 0
djong-reader-engine/graph/resolvers/generated.go:5914.2,5915.12 2 0
djong-reader-engine/graph/resolvers/generated.go:5918.168,5919.14 1 0
djong-reader-engine/graph/resolvers/generated.go:5919.14,5921.3 1 0
djong-reader-engine/graph/resolvers/generated.go:5922.2,5922.30 1 0
djong-reader-engine/graph/resolvers/generated.go:5925.188,5926.14 1 0
djong-reader-engine/graph/resolvers/generated.go:5926.14,5928.3 1 0
djong-reader-engine/graph/resolvers/generated.go:5929.2,5932.13 4 0
djong-reader-engine/graph/resolvers/generated.go:5932.13,5934.3 1 0
djong-reader-engine/graph/resolvers/generated.go:5935.2,5935.19 1 0
djong-reader-engine/graph/resolvers/generated.go:5935.19,5942.20 4 0
djong-reader-engine/graph/resolvers/generated.go:5942.20,5943.17 1 0
djong-reader-engine/graph/resolvers/generated.go:5943.17,5944.33 1 0
djong-reader-engine/graph/resolvers/generated.go:5944.33,5947.6 2 0
djong-reader-engine/graph/resolvers/generated.go:5949.4,5949.15 1 0
djong-reader-engine/graph/resolvers/generated.go:5949.15,5951.5 1 0
djong-reader-engine/graph/resolvers/generated.go:5952.4,5952.102 1 0
djong-reader-engine/graph/resolvers/generated.go:5954.3,5954.13 1 0
djong-reader-engine/graph/resolvers/generated.go:5954.13,5956.4 1 0
djong-reader-engine/graph/resolvers/generated.go:5956.9,5958.4 1 0
djong-reader-engine/graph/resolvers/generated.go:5961.2,5963.24 2 0
djong-reader-engine/graph/resolvers/generated.go:5963.24,5964.24 1 0
djong-reader-engine/graph/resolvers/generated.go:5964.24,5966.4 1 0
djong-reader-engine/graph/resolvers/generated.go:5969.2,5969.12 1 0
djong-reader-engine/graph/resolvers/generated.go:5972.179,5973.14 1 0
djong-reader-engine/graph/resolvers/generated.go:5973.14,5975.3 1 0
djong-reader-engine/graph/resolvers/generated.go:5976.2,5977.44 2 0
djong-reader-engine/graph/resolvers/generated.go:5980.192,5981.14 1 0
djong-reader-engine/graph/resolvers/generated.go:5981.14,5983.3 1 0
djong-reader-engine/graph/resolvers/generated.go:5984.2,5984.38 1 0
djong-reader-engine/graph/resolvers/generated.go:5987.180,5988.14 1 0
djong-reader-engine/graph/resolvers/generated.go:5988.14,5990.3 1 0
djong-reader-engine/graph/resolvers/generated.go:5991.2,5991.34 1 0
djong-reader-engine/graph/resolvers/generated.go:5994.195,5995.14 1 0
djong-reader-engine/graph/resolvers/generated.go:5995.14,5997.3 1 0
djong-reader-engine/graph/resolvers/generated.go:5998.2,5998.39 1 0
djong-reader-engine/graph/resolvers/generated.go:6001.215,6002.14 1 0
djong-reader-engine/graph/resolvers/generated.go:6002.14,6004.3 1 0
djong-reader-engine/graph/resolvers/generated.go:6005.2,6008.13 4 0
djong-reader-engine/graph/resolvers/generated.go:6008.13,6010.3 1 0
djong-reader-engine/graph/resolvers/generated.go:6011.2,6011.19 1 0
djong-reader-engine/graph/resolvers/generated.go:6011.19,6018.20 4 0
djong-reader-engine/graph/resolvers/generated.go:6018.20,6019.17 1 0
djong-reader-engine/graph/resolvers/generated.go:6019.17,6020.33 1 0
djong-reader-engine/graph/resolvers/generated.go:6020.33,6023.6 2 0
djong-reader-engine/graph/resolvers/generated.go:6025.4,6025.15 1 0
djong-reader-engine/graph/resolvers/generated.go:6025.15,6027.5 1 0
djong-reader-engine/graph/resolvers/generated.go:6028.4,6028.120 1 0
djong-reader-engine/graph/resolvers/generated.go:6030.3,6030.13 1 0
djong-reader-engine/graph/resolvers/generated.go:6030.13,6032.4 1 0
djong-reader-engine/graph/resolvers/generated.go:6032.9,6034.4 1 0
djong-reader-engine/graph/resolvers/generated.go:6037.2,6039.24 2 0
djong-reader-engine/graph/resolvers/generated.go:6039.24,6040.24 1 0
djong-reader-engine/graph/resolvers/generated.go:6040.24,6042.4 1 0
djong-reader-engine/graph/resolvers/generated.go:6045.2,6045.12 1 0
djong-reader-engine/graph/resolvers/generated.go:6048.206,6049.14 1 0
djong-reader-engine/graph/resolvers/generated.go:6049.14,6051.3 1 0
djong-reader-engine/graph/resolvers/generated.go:6052.2,6053.44 2 0
djong-reader-engine/graph/resolvers/generated.go:6056.170,6057.14 1 0
djong-reader-engine/graph/resolvers/generated.go:6057.14,6059.3 1 0
djong-reader-engine/graph/resolvers/generated.go:6060.2,6062.43 3 0
djong-reader-engine/graph/resolvers/generated.go:6065.195,6066.14 1 0
djong-reader-engine/graph/resolvers/generated.go:6066.14,6068.3 1 0
djong-reader-engine/graph/resolvers/generated.go:6069.2,6069.10 1 0
djong-reader-engine/graph/resolvers/generated.go:6072.197,6073.14 1 0
djong-reader-engine/graph/resolvers/generated.go:6073.14,6075.3 1 0
djong-reader-engine/graph/resolvers/generated.go:6076.2,6078.43 3 0
djong-reader-engine/graph/resolvers/generated.go:6081.222,6082.14 1 0
djong-reader-engine/graph/resolvers/generated.go:6082.14,6084.3 1 0
djong-reader-engine/graph/resolvers/generated.go:6085.2,6085.10 1 0
djong-reader-engine/graph/resolvers/generated.go:6088.101,6089.14 1 0
djong-reader-engine/graph/resolvers/generated.go:6089.14,6091.3 1 0
djong-reader-engine/graph/resolvers/generated.go:6092.2,6093.44 2 0
djong-reader-engine/graph/resolvers/generated.go:6096.126,6097.14 1 0
djong-reader-engine/graph/resolvers/generated.go:6097.14,6099.3 1 0
djong-reader-engine/graph/resolvers/generated.go:6100.2,6101.12 2 0
djong-reader-engine/graph/resolvers/generated.go:6104.107,6105.14 1 0
djong-reader-engine/graph/resolvers/generated.go:6105.14,6107.3 1 0
djong-reader-engine/graph/resolvers/generated.go:6108.2,6109.44 2 0
djong-reader-engine/graph/resolvers/generated.go:6112.132,6113.14 1 0
djong-reader-engine/graph/resolvers/generated.go:6113.14,6115.3 1 0
djong-reader-engine/graph/resolvers/generated.go:6116.2,6117.12 2 0
djong-reader-engine/graph/resolvers/generated.go:6120.217,6121.14 1 0
djong-reader-engine/graph/resolvers/generated.go:6121.14,6123.3 1 0
djong-reader-engine/graph/resolvers/generated.go:6124.2,6127.13 4 0
djong-reader-engine/graph/resolvers/generated.go:6127.13,6129.3 1 0
djong-reader-engine/graph/resolvers/generated.go:6130.2,6130.19 1 0
djong-reader-engine/graph/resolvers/generated.go:6130.19,6137.20 4 0
djong-reader-engine/graph/resolvers/generated.go:6137.20,6138.17 1 0
djong-reader-engine/graph/resolvers/generated.go:6138.17,6139.33 1 0
djong-reader-engine/graph/resolvers/generated.go:6139.33,6142.6 2 0
djong-reader-engine/graph/resolvers/generated.go:6144.4,6144.15 1 0
djong-reader-engine/graph/resolvers/generated.go:6144.15,6146.5 1 0
djong-reader-engine/graph/resolvers/generated.go:6147.4,6147.123 1 0
djong-reader-engine/graph/resolvers/generated.go:6149.3,6149.13 1 0
djong-reader-engine/graph/resolvers/generated.go:6149.13,6151.4 1 0
djong-reader-engine/graph/resolvers/generated.go:6151.9,6153.4 1 0
djong-reader-engine/graph/resolvers/generated.go:6156.2,6158.24 2 0
djong-reader-engine/graph/resolvers/generated.go:6158.24,6159.24 1 0
djong-reader-engine/graph/resolvers/generated.go:6159.24,6161.4 1 0
djong-reader-engine/graph/resolvers/generated.go:6164.2,6164.12 1 0
djong-reader-engine/graph/resolvers/generated.go:6167.205,6168.14 1 0
djong-reader-engine/graph/resolvers/generated.go:6168.14,6170.3 1 0
djong-reader-engine/graph/resolvers/generated.go:6171.2,6174.13 4 0
djong-reader-engine/graph/resolvers/generated.go:6174.13,6176.3 1 0
djong-reader-engine/graph/resolvers/generated.go:6177.2,6177.19 1 0
djong-reader-engine/graph/resolvers/generated.go:6177.19,6184.20 4 0
djong-reader-engine/graph/resolvers/generated.go:6184.20,6185.17 1 0
djong-reader-engine/graph/resolvers/generated.go:6185.17,6186.33 1 0
djong-reader-engine/graph/resolvers/generated.go:6186.33,6189.6 2 0
djong-reader-engine/graph/resolvers/generated.go:6191.4,6191.15 1 0
djong-reader-engine/graph/resolvers/generated.go:6191.15,6193.5 1 0
djong-reader-engine/graph/resolvers/generated.go:6194.4,6194.115 1 0
djong-reader-engine/graph/resolvers/generated.go:6196.3,6196.13 1 0
djong-reader-engine/graph/resolvers/generated.go:6196.13,6198.4 1 0
djong-reader-engine/graph/resolvers/generated.go:6198.9,6200.4 1 0
djong-reader-engine/graph/resolvers/generated.go:6203.2,6205.24 2 0
djong-reader-engine/graph/resolvers/generated.go:6205.24,6206.24 1 0
djong-reader-engine/graph/resolvers/generated.go:6206.24,6208.4 1 0
djong-reader-engine/graph/resolvers/generated.go:6211.2,6211.12 1 0
djong-reader-engine/graph/resolvers/generated.go:6214.220,6215.14 1 0
djong-reader-engine/graph/resolvers/generated.go:6215.14,6217.3 1 0
djong-reader-engine/graph/resolvers/generated.go:6218.2,6221.13 4 0
djong-reader-engine/graph/resolvers/generated.go:6221.13,6223.3 1 0
djong-reader-engine/graph/resolvers/generated.go:6224.2,6224.19 1 0
djong-reader-engine/graph/resolvers/generated.go:6224.19,6231.20 4 0
djong-reader-engine/graph/resolvers/generated.go:6231.20,6232.17 1 0
djong-reader-engine/graph/resolvers/generated.go:6232.17,6233.33 1 0
djong-reader-engine/graph/resolvers/generated.go:6233.33,6236.6 2 0
djong-reader-engine/graph/resolvers/generated.go:6238.4,6238.15 1 0
djong-reader-engine/graph/resolvers/generated.go:6238.15,6240.5 1 0
djong-reader-engine/graph/resolvers/generated.go:6241.4,6241.125 1 0
djong-reader-engine/graph/resolvers/generated.go:6243.3,6243.13 1 0
djong-reader-engine/graph/resolvers/generated.go:6243.13,6245.4 1 0
djong-reader-engine/graph/resolvers/generated.go:6245.9,6247.4 1 0
djong-reader-engine/graph/resolvers/generated.go:6250.2,6252.24 2 0
djong-reader-engine/graph/resolvers/generated.go:6252.24,6253.24 1 0
djong-reader-engine/graph/resolvers/generated.go:6253.24,6255.4 1 0
djong-reader-engine/graph/resolvers/generated.go:6258.2,6258.12 1 0
djong-reader-engine/graph/resolvers/generated.go:6261.204,6262.14 1 0
djong-reader-engine/graph/resolvers/generated.go:6262.14,6264.3 1 0
djong-reader-engine/graph/resolvers/generated.go:6265.2,6265.34 1 0
djong-reader-engine/graph/resolvers/generated.go:6268.202,6269.14 1 0
djong-reader-engine/graph/resolvers/generated.go:6269.14,6271.3 1 0
djong-reader-engine/graph/resolvers/generated.go:6272.2,6275.13 4 0
djong-reader-engine/graph/resolvers/generated.go:6275.13,6277.3 1 0
djong-reader-engine/graph/resolvers/generated.go:6278.2,6278.19 1 0
djong-reader-engine/graph/resolvers/generated.go:6278.19,6285.20 4 0
djong-reader-engine/graph/resolvers/generated.go:6285.20,6286.17 1 0
djong-reader-engine/graph/resolvers/generated.go:6286.17,6287.33 1 0
djong-reader-engine/graph/resolvers/generated.go:6287.33,6290.6 2 0
djong-reader-engine/graph/resolvers/generated.go:6292.4,6292.15 1 0
djong-reader-engine/graph/resolvers/generated.go:6292.15,6294.5 1 0
djong-reader-engine/graph/resolvers/generated.go:6295.4,6295.113 1 0
djong-reader-engine/graph/resolvers/generated.go:6297.3,6297.13 1 0
djong-reader-engine/graph/resolvers/generated.go:6297.13,6299.4 1 0
djong-reader-engine/graph/resolvers/generated.go:6299.9,6301.4 1 0
djong-reader-engine/graph/resolvers/generated.go:6304.2,6306.24 2 0
djong-reader-engine/graph/resolvers/generated.go:6306.24,6307.24 1 0
djong-reader-engine/graph/resolvers/generated.go:6307.24,6309.4 1 0
djong-reader-engine/graph/resolvers/generated.go:6312.2,6312.12 1 0
djong-reader-engine/graph/resolvers/generated.go:6315.198,6316.14 1 0
djong-reader-engine/graph/resolvers/generated.go:6316.14,6318.3 1 0
djong-reader-engine/graph/resolvers/generated.go:6319.2,6319.32 1 0
djong-reader-engine/graph/resolvers/mstlead.resolvers.go:17.83,18.51 1 1
djong-reader-engine/graph/resolvers/mstlead.resolvers.go:22.144,26.18 3 1
djong-reader-engine/graph/resolvers/mstlead.resolvers.go:26.18,28.3 1 1
djong-reader-engine/graph/resolvers/mstlead.resolvers.go:28.8,30.3 1 1
djong-reader-engine/graph/resolvers/mstlead.resolvers.go:33.2,37.20 3 1
djong-reader-engine/graph/resolvers/mstlead.resolvers.go:37.20,38.31 1 1
djong-reader-engine/graph/resolvers/mstlead.resolvers.go:38.31,41.4 2 1
djong-reader-engine/graph/resolvers/mstlead.resolvers.go:46.2,47.18 2 1
djong-reader-engine/graph/resolvers/mstlead.resolvers.go:47.18,49.3 1 1
djong-reader-engine/graph/resolvers/mstlead.resolvers.go:49.8,51.3 1 1
djong-reader-engine/graph/resolvers/mstlead.resolvers.go:53.2,62.16 3 1
djong-reader-engine/graph/resolvers/mstlead.resolvers.go:62.16,65.3 2 1
djong-reader-engine/graph/resolvers/mstlead.resolvers.go:67.2,71.18 4 1
djong-reader-engine/graph/resolvers/mstlead.resolvers.go:71.18,79.17 3 1
djong-reader-engine/graph/resolvers/mstlead.resolvers.go:79.17,81.12 2 1
djong-reader-engine/graph/resolvers/mstlead.resolvers.go:85.3,85.52 1 1
djong-reader-engine/graph/resolvers/mstlead.resolvers.go:85.52,87.4 1 1
djong-reader-engine/graph/resolvers/mstlead.resolvers.go:89.3,90.21 2 1
djong-reader-engine/graph/resolvers/mstlead.resolvers.go:93.2,99.27 3 1
djong-reader-engine/graph/resolvers/mstlead.resolvers.go:99.27,104.3 1 1
djong-reader-engine/graph/resolvers/mstlead.resolvers.go:105.2,112.22 3 1
djong-reader-engine/graph/resolvers/mstlead.resolvers.go:116.42,116.70 1 1
djong-reader-engine/graph/resolvers/mstsalespipeline.resolvers.go:17.101,34.51 5 1
djong-reader-engine/graph/resolvers/mstsalespipeline.resolvers.go:34.51,36.3 1 1
djong-reader-engine/graph/resolvers/mstsalespipeline.resolvers.go:38.2,38.16 1 1
djong-reader-engine/graph/resolvers/mstsalespipeline.resolvers.go:38.16,41.3 2 1
djong-reader-engine/graph/resolvers/mstsalespipeline.resolvers.go:43.2,45.21 2 1
djong-reader-engine/graph/resolvers/mstsalespipeline.resolvers.go:49.172,53.18 3 1
djong-reader-engine/graph/resolvers/mstsalespipeline.resolvers.go:53.18,55.3 1 1
djong-reader-engine/graph/resolvers/mstsalespipeline.resolvers.go:55.8,57.3 1 1
djong-reader-engine/graph/resolvers/mstsalespipeline.resolvers.go:60.2,64.20 3 1
djong-reader-engine/graph/resolvers/mstsalespipeline.resolvers.go:64.20,65.31 1 1
djong-reader-engine/graph/resolvers/mstsalespipeline.resolvers.go:65.31,68.4 2 1
djong-reader-engine/graph/resolvers/mstsalespipeline.resolvers.go:72.2,73.18 2 1
djong-reader-engine/graph/resolvers/mstsalespipeline.resolvers.go:73.18,75.3 1 1
djong-reader-engine/graph/resolvers/mstsalespipeline.resolvers.go:75.8,77.3 1 1
djong-reader-engine/graph/resolvers/mstsalespipeline.resolvers.go:79.2,88.16 3 1
djong-reader-engine/graph/resolvers/mstsalespipeline.resolvers.go:88.16,91.3 2 1
djong-reader-engine/graph/resolvers/mstsalespipeline.resolvers.go:93.2,97.18 4 1
djong-reader-engine/graph/resolvers/mstsalespipeline.resolvers.go:97.18,104.17 3 1
djong-reader-engine/graph/resolvers/mstsalespipeline.resolvers.go:104.17,106.12 2 1
djong-reader-engine/graph/resolvers/mstsalespipeline.resolvers.go:110.3,110.52 1 1
djong-reader-engine/graph/resolvers/mstsalespipeline.resolvers.go:110.52,112.4 1 1
djong-reader-engine/graph/resolvers/mstsalespipeline.resolvers.go:114.3,115.25 2 1
djong-reader-engine/graph/resolvers/mstsalespipeline.resolvers.go:118.2,124.40 3 1
djong-reader-engine/graph/resolvers/mstsalespipeline.resolvers.go:124.40,129.3 1 1
djong-reader-engine/graph/resolvers/mstsalespipeline.resolvers.go:130.2,137.22 3 1
djong-reader-engine/graphqlutils/request_logger.go:14.94,15.15 1 1
djong-reader-engine/graphqlutils/request_logger.go:15.15,16.31 1 1
djong-reader-engine/graphqlutils/request_logger.go:16.31,18.4 1 1
djong-reader-engine/graphqlutils/request_logger.go:20.2,20.46 1 1
djong-reader-engine/graphqlutils/request_logger.go:23.62,28.16 3 1
djong-reader-engine/graphqlutils/request_logger.go:28.16,31.3 2 1
djong-reader-engine/graphqlutils/request_logger.go:33.2,33.52 1 0
djong-reader-engine/graphqlutils/request_logger.go:36.39,40.19 3 1
djong-reader-engine/graphqlutils/request_logger.go:40.19,42.6 1 0
djong-reader-engine/graphqlutils/request_logger.go:43.5,43.33 1 1
