mode: set
djong-reader-engine/graphqlutils/request_logger.go:14.94,15.15 1 1
djong-reader-engine/graphqlutils/request_logger.go:15.15,16.31 1 1
djong-reader-engine/graphqlutils/request_logger.go:16.31,18.4 1 1
djong-reader-engine/graphqlutils/request_logger.go:20.2,20.46 1 1
djong-reader-engine/graphqlutils/request_logger.go:23.62,28.16 3 1
djong-reader-engine/graphqlutils/request_logger.go:28.16,31.3 2 1
djong-reader-engine/graphqlutils/request_logger.go:33.2,33.52 1 1
djong-reader-engine/graphqlutils/request_logger.go:36.39,40.19 3 1
djong-reader-engine/graphqlutils/request_logger.go:40.19,42.6 1 1
djong-reader-engine/graphqlutils/request_logger.go:43.5,43.33 1 1
djong-reader-engine/graph/model/models_gen.go:90.39,91.11 1 0
djong-reader-engine/graph/model/models_gen.go:92.43,93.14 1 0
djong-reader-engine/graph/model/models_gen.go:95.2,95.14 1 0
djong-reader-engine/graph/model/models_gen.go:98.40,100.2 1 0
djong-reader-engine/graph/model/models_gen.go:102.51,104.9 2 0
djong-reader-engine/graph/model/models_gen.go:104.9,106.3 1 0
djong-reader-engine/graph/model/models_gen.go:108.2,109.18 2 0
djong-reader-engine/graph/model/models_gen.go:109.18,111.3 1 0
djong-reader-engine/graph/model/models_gen.go:112.2,112.12 1 0
djong-reader-engine/graph/model/models_gen.go:115.48,117.2 1 0
djong-reader-engine/graph/model/models_gen.go:131.48,132.11 1 1
djong-reader-engine/graph/model/models_gen.go:133.61,134.14 1 1
djong-reader-engine/graph/model/models_gen.go:136.2,136.14 1 1
djong-reader-engine/graph/model/models_gen.go:139.49,141.2 1 1
djong-reader-engine/graph/model/models_gen.go:143.60,145.9 2 1
djong-reader-engine/graph/model/models_gen.go:145.9,147.3 1 1
djong-reader-engine/graph/model/models_gen.go:149.2,150.18 2 1
djong-reader-engine/graph/model/models_gen.go:150.18,152.3 1 1
djong-reader-engine/graph/model/models_gen.go:153.2,153.12 1 1
djong-reader-engine/graph/model/models_gen.go:156.57,158.2 1 1
djong-reader-engine/graph/model/time.go:15.50,17.9 2 1
djong-reader-engine/graph/model/time.go:17.9,19.3 1 1
djong-reader-engine/graph/model/time.go:21.2,22.16 2 1
djong-reader-engine/graph/model/time.go:22.16,24.3 1 1
djong-reader-engine/graph/model/time.go:26.2,27.12 2 1
djong-reader-engine/graph/model/time.go:31.39,33.2 1 1
djong-reader-engine/graph/model/time.go:36.34,38.2 1 1
djong-reader-engine/graph/model/time.go:41.36,43.2 1 1
djong-reader-engine/graph/model/time.go:49.49,50.49 1 1
djong-reader-engine/graph/model/time.go:50.49,53.6 2 1
djong-reader-engine/graph/model/time.go:57.54,58.26 1 1
djong-reader-engine/graph/model/time.go:59.17,60.41 1 1
djong-reader-engine/graph/model/time.go:61.18,62.21 1 1
djong-reader-engine/graph/model/time.go:62.21,64.10 1 1
djong-reader-engine/graph/model/time.go:65.9,65.42 1 1
djong-reader-engine/graph/model/time.go:66.13,67.73 1 1
djong-reader-engine/graph/model/time.go:71.37,73.2 1 1
djong-reader-engine/graph/model/time.go:75.38,76.17 1 1
djong-reader-engine/graph/model/time.go:76.17,78.6 1 1
djong-reader-engine/graph/model/time.go:79.5,80.15 2 1
